2018-04-06 20:29:33,303 INFO org.apache.hadoop.hdfs.server.namenode.NameNode: STARTUP_MSG: 
/************************************************************
STARTUP_MSG: Starting NameNode
STARTUP_MSG:   host = natalie-peterss-macbook.local/10.0.0.142
STARTUP_MSG:   args = []
STARTUP_MSG:   version = 3.0.0
STARTUP_MSG:   classpath = /usr/local/Cellar/hadoop/3.0.0/libexec/etc/hadoop:/usr/local/Cellar/hadoop/3.0.0/libexec/share/hadoop/common/lib/accessors-smart-1.2.jar:/usr/local/Cellar/hadoop/3.0.0/libexec/share/hadoop/common/lib/asm-5.0.4.jar:/usr/local/Cellar/hadoop/3.0.0/libexec/share/hadoop/common/lib/avro-1.7.7.jar:/usr/local/Cellar/hadoop/3.0.0/libexec/share/hadoop/common/lib/commons-beanutils-1.9.3.jar:/usr/local/Cellar/hadoop/3.0.0/libexec/share/hadoop/common/lib/commons-cli-1.2.jar:/usr/local/Cellar/hadoop/3.0.0/libexec/share/hadoop/common/lib/commons-codec-1.4.jar:/usr/local/Cellar/hadoop/3.0.0/libexec/share/hadoop/common/lib/commons-collections-3.2.2.jar:/usr/local/Cellar/hadoop/3.0.0/libexec/share/hadoop/common/lib/commons-compress-1.4.1.jar:/usr/local/Cellar/hadoop/3.0.0/libexec/share/hadoop/common/lib/commons-configuration2-2.1.1.jar:/usr/local/Cellar/hadoop/3.0.0/libexec/share/hadoop/common/lib/commons-io-2.4.jar:/usr/local/Cellar/hadoop/3.0.0/libexec/share/hadoop/common/lib/commons-lang-2.6.jar:/usr/local/Cellar/hadoop/3.0.0/libexec/share/hadoop/common/lib/commons-lang3-3.4.jar:/usr/local/Cellar/hadoop/3.0.0/libexec/share/hadoop/common/lib/commons-logging-1.1.3.jar:/usr/local/Cellar/hadoop/3.0.0/libexec/share/hadoop/common/lib/commons-math3-3.1.1.jar:/usr/local/Cellar/hadoop/3.0.0/libexec/share/hadoop/common/lib/commons-net-3.1.jar:/usr/local/Cellar/hadoop/3.0.0/libexec/share/hadoop/common/lib/curator-client-2.12.0.jar:/usr/local/Cellar/hadoop/3.0.0/libexec/share/hadoop/common/lib/curator-framework-2.12.0.jar:/usr/local/Cellar/hadoop/3.0.0/libexec/share/hadoop/common/lib/curator-recipes-2.12.0.jar:/usr/local/Cellar/hadoop/3.0.0/libexec/share/hadoop/common/lib/gson-2.2.4.jar:/usr/local/Cellar/hadoop/3.0.0/libexec/share/hadoop/common/lib/guava-11.0.2.jar:/usr/local/Cellar/hadoop/3.0.0/libexec/share/hadoop/common/lib/hadoop-annotations-3.0.0.jar:/usr/local/Cellar/hadoop/3.0.0/libexec/share/hadoop/common/lib/hadoop-auth-3.0.0.jar:/usr/local/Cellar/hadoop/3.0.0/libexec/share/hadoop/common/lib/hamcrest-core-1.3.jar:/usr/local/Cellar/hadoop/3.0.0/libexec/share/hadoop/common/lib/htrace-core4-4.1.0-incubating.jar:/usr/local/Cellar/hadoop/3.0.0/libexec/share/hadoop/common/lib/httpclient-4.5.2.jar:/usr/local/Cellar/hadoop/3.0.0/libexec/share/hadoop/common/lib/httpcore-4.4.4.jar:/usr/local/Cellar/hadoop/3.0.0/libexec/share/hadoop/common/lib/jackson-annotations-2.7.8.jar:/usr/local/Cellar/hadoop/3.0.0/libexec/share/hadoop/common/lib/jackson-core-2.7.8.jar:/usr/local/Cellar/hadoop/3.0.0/libexec/share/hadoop/common/lib/jackson-core-asl-1.9.13.jar:/usr/local/Cellar/hadoop/3.0.0/libexec/share/hadoop/common/lib/jackson-databind-2.7.8.jar:/usr/local/Cellar/hadoop/3.0.0/libexec/share/hadoop/common/lib/jackson-jaxrs-1.9.13.jar:/usr/local/Cellar/hadoop/3.0.0/libexec/share/hadoop/common/lib/jackson-mapper-asl-1.9.13.jar:/usr/local/Cellar/hadoop/3.0.0/libexec/share/hadoop/common/lib/jackson-xc-1.9.13.jar:/usr/local/Cellar/hadoop/3.0.0/libexec/share/hadoop/common/lib/javax.servlet-api-3.1.0.jar:/usr/local/Cellar/hadoop/3.0.0/libexec/share/hadoop/common/lib/jaxb-api-2.2.11.jar:/usr/local/Cellar/hadoop/3.0.0/libexec/share/hadoop/common/lib/jaxb-impl-2.2.3-1.jar:/usr/local/Cellar/hadoop/3.0.0/libexec/share/hadoop/common/lib/jcip-annotations-1.0-1.jar:/usr/local/Cellar/hadoop/3.0.0/libexec/share/hadoop/common/lib/jersey-core-1.19.jar:/usr/local/Cellar/hadoop/3.0.0/libexec/share/hadoop/common/lib/jersey-json-1.19.jar:/usr/local/Cellar/hadoop/3.0.0/libexec/share/hadoop/common/lib/jersey-server-1.19.jar:/usr/local/Cellar/hadoop/3.0.0/libexec/share/hadoop/common/lib/jersey-servlet-1.19.jar:/usr/local/Cellar/hadoop/3.0.0/libexec/share/hadoop/common/lib/jettison-1.1.jar:/usr/local/Cellar/hadoop/3.0.0/libexec/share/hadoop/common/lib/jetty-http-9.3.19.v20170502.jar:/usr/local/Cellar/hadoop/3.0.0/libexec/share/hadoop/common/lib/jetty-io-9.3.19.v20170502.jar:/usr/local/Cellar/hadoop/3.0.0/libexec/share/hadoop/common/lib/jetty-security-9.3.19.v20170502.jar:/usr/local/Cellar/hadoop/3.0.0/libexec/share/hadoop/common/lib/jetty-server-9.3.19.v20170502.jar:/usr/local/Cellar/hadoop/3.0.0/libexec/share/hadoop/common/lib/jetty-servlet-9.3.19.v20170502.jar:/usr/local/Cellar/hadoop/3.0.0/libexec/share/hadoop/common/lib/jetty-util-9.3.19.v20170502.jar:/usr/local/Cellar/hadoop/3.0.0/libexec/share/hadoop/common/lib/jetty-webapp-9.3.19.v20170502.jar:/usr/local/Cellar/hadoop/3.0.0/libexec/share/hadoop/common/lib/jetty-xml-9.3.19.v20170502.jar:/usr/local/Cellar/hadoop/3.0.0/libexec/share/hadoop/common/lib/jsch-0.1.54.jar:/usr/local/Cellar/hadoop/3.0.0/libexec/share/hadoop/common/lib/json-smart-2.3.jar:/usr/local/Cellar/hadoop/3.0.0/libexec/share/hadoop/common/lib/jsp-api-2.1.jar:/usr/local/Cellar/hadoop/3.0.0/libexec/share/hadoop/common/lib/jsr305-3.0.0.jar:/usr/local/Cellar/hadoop/3.0.0/libexec/share/hadoop/common/lib/jsr311-api-1.1.1.jar:/usr/local/Cellar/hadoop/3.0.0/libexec/share/hadoop/common/lib/jul-to-slf4j-1.7.25.jar:/usr/local/Cellar/hadoop/3.0.0/libexec/share/hadoop/common/lib/junit-4.11.jar:/usr/local/Cellar/hadoop/3.0.0/libexec/share/hadoop/common/lib/kerb-admin-1.0.1.jar:/usr/local/Cellar/hadoop/3.0.0/libexec/share/hadoop/common/lib/kerb-client-1.0.1.jar:/usr/local/Cellar/hadoop/3.0.0/libexec/share/hadoop/common/lib/kerb-common-1.0.1.jar:/usr/local/Cellar/hadoop/3.0.0/libexec/share/hadoop/common/lib/kerb-core-1.0.1.jar:/usr/local/Cellar/hadoop/3.0.0/libexec/share/hadoop/common/lib/kerb-crypto-1.0.1.jar:/usr/local/Cellar/hadoop/3.0.0/libexec/share/hadoop/common/lib/kerb-identity-1.0.1.jar:/usr/local/Cellar/hadoop/3.0.0/libexec/share/hadoop/common/lib/kerb-server-1.0.1.jar:/usr/local/Cellar/hadoop/3.0.0/libexec/share/hadoop/common/lib/kerb-simplekdc-1.0.1.jar:/usr/local/Cellar/hadoop/3.0.0/libexec/share/hadoop/common/lib/kerb-util-1.0.1.jar:/usr/local/Cellar/hadoop/3.0.0/libexec/share/hadoop/common/lib/kerby-asn1-1.0.1.jar:/usr/local/Cellar/hadoop/3.0.0/libexec/share/hadoop/common/lib/kerby-config-1.0.1.jar:/usr/local/Cellar/hadoop/3.0.0/libexec/share/hadoop/common/lib/kerby-pkix-1.0.1.jar:/usr/local/Cellar/hadoop/3.0.0/libexec/share/hadoop/common/lib/kerby-util-1.0.1.jar:/usr/local/Cellar/hadoop/3.0.0/libexec/share/hadoop/common/lib/kerby-xdr-1.0.1.jar:/usr/local/Cellar/hadoop/3.0.0/libexec/share/hadoop/common/lib/log4j-1.2.17.jar:/usr/local/Cellar/hadoop/3.0.0/libexec/share/hadoop/common/lib/metrics-core-3.0.1.jar:/usr/local/Cellar/hadoop/3.0.0/libexec/share/hadoop/common/lib/mockito-all-1.8.5.jar:/usr/local/Cellar/hadoop/3.0.0/libexec/share/hadoop/common/lib/netty-3.10.5.Final.jar:/usr/local/Cellar/hadoop/3.0.0/libexec/share/hadoop/common/lib/nimbus-jose-jwt-4.41.1.jar:/usr/local/Cellar/hadoop/3.0.0/libexec/share/hadoop/common/lib/paranamer-2.3.jar:/usr/local/Cellar/hadoop/3.0.0/libexec/share/hadoop/common/lib/protobuf-java-2.5.0.jar:/usr/local/Cellar/hadoop/3.0.0/libexec/share/hadoop/common/lib/re2j-1.1.jar:/usr/local/Cellar/hadoop/3.0.0/libexec/share/hadoop/common/lib/slf4j-api-1.7.25.jar:/usr/local/Cellar/hadoop/3.0.0/libexec/share/hadoop/common/lib/slf4j-log4j12-1.7.25.jar:/usr/local/Cellar/hadoop/3.0.0/libexec/share/hadoop/common/lib/snappy-java-1.0.5.jar:/usr/local/Cellar/hadoop/3.0.0/libexec/share/hadoop/common/lib/stax2-api-3.1.4.jar:/usr/local/Cellar/hadoop/3.0.0/libexec/share/hadoop/common/lib/token-provider-1.0.1.jar:/usr/local/Cellar/hadoop/3.0.0/libexec/share/hadoop/common/lib/woodstox-core-5.0.3.jar:/usr/local/Cellar/hadoop/3.0.0/libexec/share/hadoop/common/lib/xz-1.0.jar:/usr/local/Cellar/hadoop/3.0.0/libexec/share/hadoop/common/lib/zookeeper-3.4.9.jar:/usr/local/Cellar/hadoop/3.0.0/libexec/share/hadoop/common/hadoop-common-3.0.0-tests.jar:/usr/local/Cellar/hadoop/3.0.0/libexec/share/hadoop/common/hadoop-common-3.0.0.jar:/usr/local/Cellar/hadoop/3.0.0/libexec/share/hadoop/common/hadoop-kms-3.0.0.jar:/usr/local/Cellar/hadoop/3.0.0/libexec/share/hadoop/common/hadoop-nfs-3.0.0.jar:/usr/local/Cellar/hadoop/3.0.0/libexec/share/hadoop/hdfs:/usr/local/Cellar/hadoop/3.0.0/libexec/share/hadoop/hdfs/lib/accessors-smart-1.2.jar:/usr/local/Cellar/hadoop/3.0.0/libexec/share/hadoop/hdfs/lib/asm-5.0.4.jar:/usr/local/Cellar/hadoop/3.0.0/libexec/share/hadoop/hdfs/lib/avro-1.7.7.jar:/usr/local/Cellar/hadoop/3.0.0/libexec/share/hadoop/hdfs/lib/commons-beanutils-1.9.3.jar:/usr/local/Cellar/hadoop/3.0.0/libexec/share/hadoop/hdfs/lib/commons-cli-1.2.jar:/usr/local/Cellar/hadoop/3.0.0/libexec/share/hadoop/hdfs/lib/commons-codec-1.4.jar:/usr/local/Cellar/hadoop/3.0.0/libexec/share/hadoop/hdfs/lib/commons-collections-3.2.2.jar:/usr/local/Cellar/hadoop/3.0.0/libexec/share/hadoop/hdfs/lib/commons-compress-1.4.1.jar:/usr/local/Cellar/hadoop/3.0.0/libexec/share/hadoop/hdfs/lib/commons-configuration2-2.1.1.jar:/usr/local/Cellar/hadoop/3.0.0/libexec/share/hadoop/hdfs/lib/commons-daemon-1.0.13.jar:/usr/local/Cellar/hadoop/3.0.0/libexec/share/hadoop/hdfs/lib/commons-io-2.4.jar:/usr/local/Cellar/hadoop/3.0.0/libexec/share/hadoop/hdfs/lib/commons-lang-2.6.jar:/usr/local/Cellar/hadoop/3.0.0/libexec/share/hadoop/hdfs/lib/commons-lang3-3.4.jar:/usr/local/Cellar/hadoop/3.0.0/libexec/share/hadoop/hdfs/lib/commons-logging-1.1.3.jar:/usr/local/Cellar/hadoop/3.0.0/libexec/share/hadoop/hdfs/lib/commons-math3-3.1.1.jar:/usr/local/Cellar/hadoop/3.0.0/libexec/share/hadoop/hdfs/lib/commons-net-3.1.jar:/usr/local/Cellar/hadoop/3.0.0/libexec/share/hadoop/hdfs/lib/curator-client-2.12.0.jar:/usr/local/Cellar/hadoop/3.0.0/libexec/share/hadoop/hdfs/lib/curator-framework-2.12.0.jar:/usr/local/Cellar/hadoop/3.0.0/libexec/share/hadoop/hdfs/lib/curator-recipes-2.12.0.jar:/usr/local/Cellar/hadoop/3.0.0/libexec/share/hadoop/hdfs/lib/gson-2.2.4.jar:/usr/local/Cellar/hadoop/3.0.0/libexec/share/hadoop/hdfs/lib/guava-11.0.2.jar:/usr/local/Cellar/hadoop/3.0.0/libexec/share/hadoop/hdfs/lib/hadoop-annotations-3.0.0.jar:/usr/local/Cellar/hadoop/3.0.0/libexec/share/hadoop/hdfs/lib/hadoop-auth-3.0.0.jar:/usr/local/Cellar/hadoop/3.0.0/libexec/share/hadoop/hdfs/lib/htrace-core4-4.1.0-incubating.jar:/usr/local/Cellar/hadoop/3.0.0/libexec/share/hadoop/hdfs/lib/httpclient-4.5.2.jar:/usr/local/Cellar/hadoop/3.0.0/libexec/share/hadoop/hdfs/lib/httpcore-4.4.4.jar:/usr/local/Cellar/hadoop/3.0.0/libexec/share/hadoop/hdfs/lib/jackson-annotations-2.7.8.jar:/usr/local/Cellar/hadoop/3.0.0/libexec/share/hadoop/hdfs/lib/jackson-core-2.7.8.jar:/usr/local/Cellar/hadoop/3.0.0/libexec/share/hadoop/hdfs/lib/jackson-core-asl-1.9.13.jar:/usr/local/Cellar/hadoop/3.0.0/libexec/share/hadoop/hdfs/lib/jackson-databind-2.7.8.jar:/usr/local/Cellar/hadoop/3.0.0/libexec/share/hadoop/hdfs/lib/jackson-jaxrs-1.9.13.jar:/usr/local/Cellar/hadoop/3.0.0/libexec/share/hadoop/hdfs/lib/jackson-mapper-asl-1.9.13.jar:/usr/local/Cellar/hadoop/3.0.0/libexec/share/hadoop/hdfs/lib/jackson-xc-1.9.13.jar:/usr/local/Cellar/hadoop/3.0.0/libexec/share/hadoop/hdfs/lib/javax.servlet-api-3.1.0.jar:/usr/local/Cellar/hadoop/3.0.0/libexec/share/hadoop/hdfs/lib/jaxb-api-2.2.11.jar:/usr/local/Cellar/hadoop/3.0.0/libexec/share/hadoop/hdfs/lib/jaxb-impl-2.2.3-1.jar:/usr/local/Cellar/hadoop/3.0.0/libexec/share/hadoop/hdfs/lib/jcip-annotations-1.0-1.jar:/usr/local/Cellar/hadoop/3.0.0/libexec/share/hadoop/hdfs/lib/jersey-core-1.19.jar:/usr/local/Cellar/hadoop/3.0.0/libexec/share/hadoop/hdfs/lib/jersey-json-1.19.jar:/usr/local/Cellar/hadoop/3.0.0/libexec/share/hadoop/hdfs/lib/jersey-server-1.19.jar:/usr/local/Cellar/hadoop/3.0.0/libexec/share/hadoop/hdfs/lib/jersey-servlet-1.19.jar:/usr/local/Cellar/hadoop/3.0.0/libexec/share/hadoop/hdfs/lib/jettison-1.1.jar:/usr/local/Cellar/hadoop/3.0.0/libexec/share/hadoop/hdfs/lib/jetty-http-9.3.19.v20170502.jar:/usr/local/Cellar/hadoop/3.0.0/libexec/share/hadoop/hdfs/lib/jetty-io-9.3.19.v20170502.jar:/usr/local/Cellar/hadoop/3.0.0/libexec/share/hadoop/hdfs/lib/jetty-security-9.3.19.v20170502.jar:/usr/local/Cellar/hadoop/3.0.0/libexec/share/hadoop/hdfs/lib/jetty-server-9.3.19.v20170502.jar:/usr/local/Cellar/hadoop/3.0.0/libexec/share/hadoop/hdfs/lib/jetty-servlet-9.3.19.v20170502.jar:/usr/local/Cellar/hadoop/3.0.0/libexec/share/hadoop/hdfs/lib/jetty-util-9.3.19.v20170502.jar:/usr/local/Cellar/hadoop/3.0.0/libexec/share/hadoop/hdfs/lib/jetty-util-ajax-9.3.19.v20170502.jar:/usr/local/Cellar/hadoop/3.0.0/libexec/share/hadoop/hdfs/lib/jetty-webapp-9.3.19.v20170502.jar:/usr/local/Cellar/hadoop/3.0.0/libexec/share/hadoop/hdfs/lib/jetty-xml-9.3.19.v20170502.jar:/usr/local/Cellar/hadoop/3.0.0/libexec/share/hadoop/hdfs/lib/jsch-0.1.54.jar:/usr/local/Cellar/hadoop/3.0.0/libexec/share/hadoop/hdfs/lib/json-simple-1.1.1.jar:/usr/local/Cellar/hadoop/3.0.0/libexec/share/hadoop/hdfs/lib/json-smart-2.3.jar:/usr/local/Cellar/hadoop/3.0.0/libexec/share/hadoop/hdfs/lib/jsr305-3.0.0.jar:/usr/local/Cellar/hadoop/3.0.0/libexec/share/hadoop/hdfs/lib/jsr311-api-1.1.1.jar:/usr/local/Cellar/hadoop/3.0.0/libexec/share/hadoop/hdfs/lib/kerb-admin-1.0.1.jar:/usr/local/Cellar/hadoop/3.0.0/libexec/share/hadoop/hdfs/lib/kerb-client-1.0.1.jar:/usr/local/Cellar/hadoop/3.0.0/libexec/share/hadoop/hdfs/lib/kerb-common-1.0.1.jar:/usr/local/Cellar/hadoop/3.0.0/libexec/share/hadoop/hdfs/lib/kerb-core-1.0.1.jar:/usr/local/Cellar/hadoop/3.0.0/libexec/share/hadoop/hdfs/lib/kerb-crypto-1.0.1.jar:/usr/local/Cellar/hadoop/3.0.0/libexec/share/hadoop/hdfs/lib/kerb-identity-1.0.1.jar:/usr/local/Cellar/hadoop/3.0.0/libexec/share/hadoop/hdfs/lib/kerb-server-1.0.1.jar:/usr/local/Cellar/hadoop/3.0.0/libexec/share/hadoop/hdfs/lib/kerb-simplekdc-1.0.1.jar:/usr/local/Cellar/hadoop/3.0.0/libexec/share/hadoop/hdfs/lib/kerb-util-1.0.1.jar:/usr/local/Cellar/hadoop/3.0.0/libexec/share/hadoop/hdfs/lib/kerby-asn1-1.0.1.jar:/usr/local/Cellar/hadoop/3.0.0/libexec/share/hadoop/hdfs/lib/kerby-config-1.0.1.jar:/usr/local/Cellar/hadoop/3.0.0/libexec/share/hadoop/hdfs/lib/kerby-pkix-1.0.1.jar:/usr/local/Cellar/hadoop/3.0.0/libexec/share/hadoop/hdfs/lib/kerby-util-1.0.1.jar:/usr/local/Cellar/hadoop/3.0.0/libexec/share/hadoop/hdfs/lib/kerby-xdr-1.0.1.jar:/usr/local/Cellar/hadoop/3.0.0/libexec/share/hadoop/hdfs/lib/leveldbjni-all-1.8.jar:/usr/local/Cellar/hadoop/3.0.0/libexec/share/hadoop/hdfs/lib/log4j-1.2.17.jar:/usr/local/Cellar/hadoop/3.0.0/libexec/share/hadoop/hdfs/lib/netty-3.10.5.Final.jar:/usr/local/Cellar/hadoop/3.0.0/libexec/share/hadoop/hdfs/lib/netty-all-4.0.23.Final.jar:/usr/local/Cellar/hadoop/3.0.0/libexec/share/hadoop/hdfs/lib/nimbus-jose-jwt-4.41.1.jar:/usr/local/Cellar/hadoop/3.0.0/libexec/share/hadoop/hdfs/lib/okhttp-2.4.0.jar:/usr/local/Cellar/hadoop/3.0.0/libexec/share/hadoop/hdfs/lib/okio-1.4.0.jar:/usr/local/Cellar/hadoop/3.0.0/libexec/share/hadoop/hdfs/lib/paranamer-2.3.jar:/usr/local/Cellar/hadoop/3.0.0/libexec/share/hadoop/hdfs/lib/protobuf-java-2.5.0.jar:/usr/local/Cellar/hadoop/3.0.0/libexec/share/hadoop/hdfs/lib/re2j-1.1.jar:/usr/local/Cellar/hadoop/3.0.0/libexec/share/hadoop/hdfs/lib/snappy-java-1.0.5.jar:/usr/local/Cellar/hadoop/3.0.0/libexec/share/hadoop/hdfs/lib/stax2-api-3.1.4.jar:/usr/local/Cellar/hadoop/3.0.0/libexec/share/hadoop/hdfs/lib/token-provider-1.0.1.jar:/usr/local/Cellar/hadoop/3.0.0/libexec/share/hadoop/hdfs/lib/woodstox-core-5.0.3.jar:/usr/local/Cellar/hadoop/3.0.0/libexec/share/hadoop/hdfs/lib/xz-1.0.jar:/usr/local/Cellar/hadoop/3.0.0/libexec/share/hadoop/hdfs/lib/zookeeper-3.4.9.jar:/usr/local/Cellar/hadoop/3.0.0/libexec/share/hadoop/hdfs/hadoop-hdfs-3.0.0-tests.jar:/usr/local/Cellar/hadoop/3.0.0/libexec/share/hadoop/hdfs/hadoop-hdfs-3.0.0.jar:/usr/local/Cellar/hadoop/3.0.0/libexec/share/hadoop/hdfs/hadoop-hdfs-client-3.0.0-tests.jar:/usr/local/Cellar/hadoop/3.0.0/libexec/share/hadoop/hdfs/hadoop-hdfs-client-3.0.0.jar:/usr/local/Cellar/hadoop/3.0.0/libexec/share/hadoop/hdfs/hadoop-hdfs-httpfs-3.0.0.jar:/usr/local/Cellar/hadoop/3.0.0/libexec/share/hadoop/hdfs/hadoop-hdfs-native-client-3.0.0-tests.jar:/usr/local/Cellar/hadoop/3.0.0/libexec/share/hadoop/hdfs/hadoop-hdfs-native-client-3.0.0.jar:/usr/local/Cellar/hadoop/3.0.0/libexec/share/hadoop/hdfs/hadoop-hdfs-nfs-3.0.0.jar:/usr/local/Cellar/hadoop/3.0.0/libexec/share/hadoop/mapreduce/hadoop-mapreduce-client-app-3.0.0.jar:/usr/local/Cellar/hadoop/3.0.0/libexec/share/hadoop/mapreduce/hadoop-mapreduce-client-common-3.0.0.jar:/usr/local/Cellar/hadoop/3.0.0/libexec/share/hadoop/mapreduce/hadoop-mapreduce-client-core-3.0.0.jar:/usr/local/Cellar/hadoop/3.0.0/libexec/share/hadoop/mapreduce/hadoop-mapreduce-client-hs-3.0.0.jar:/usr/local/Cellar/hadoop/3.0.0/libexec/share/hadoop/mapreduce/hadoop-mapreduce-client-hs-plugins-3.0.0.jar:/usr/local/Cellar/hadoop/3.0.0/libexec/share/hadoop/mapreduce/hadoop-mapreduce-client-jobclient-3.0.0-tests.jar:/usr/local/Cellar/hadoop/3.0.0/libexec/share/hadoop/mapreduce/hadoop-mapreduce-client-jobclient-3.0.0.jar:/usr/local/Cellar/hadoop/3.0.0/libexec/share/hadoop/mapreduce/hadoop-mapreduce-client-nativetask-3.0.0.jar:/usr/local/Cellar/hadoop/3.0.0/libexec/share/hadoop/mapreduce/hadoop-mapreduce-client-shuffle-3.0.0.jar:/usr/local/Cellar/hadoop/3.0.0/libexec/share/hadoop/mapreduce/hadoop-mapreduce-examples-3.0.0.jar:/usr/local/Cellar/hadoop/3.0.0/libexec/share/hadoop/yarn:/usr/local/Cellar/hadoop/3.0.0/libexec/share/hadoop/yarn/lib/aopalliance-1.0.jar:/usr/local/Cellar/hadoop/3.0.0/libexec/share/hadoop/yarn/lib/commons-csv-1.0.jar:/usr/local/Cellar/hadoop/3.0.0/libexec/share/hadoop/yarn/lib/commons-el-1.0.jar:/usr/local/Cellar/hadoop/3.0.0/libexec/share/hadoop/yarn/lib/commons-httpclient-3.1.jar:/usr/local/Cellar/hadoop/3.0.0/libexec/share/hadoop/yarn/lib/commons-math-2.2.jar:/usr/local/Cellar/hadoop/3.0.0/libexec/share/hadoop/yarn/lib/disruptor-3.3.0.jar:/usr/local/Cellar/hadoop/3.0.0/libexec/share/hadoop/yarn/lib/ehcache-3.3.1.jar:/usr/local/Cellar/hadoop/3.0.0/libexec/share/hadoop/yarn/lib/findbugs-annotations-1.3.9-1.jar:/usr/local/Cellar/hadoop/3.0.0/libexec/share/hadoop/yarn/lib/fst-2.50.jar:/usr/local/Cellar/hadoop/3.0.0/libexec/share/hadoop/yarn/lib/geronimo-jcache_1.0_spec-1.0-alpha-1.jar:/usr/local/Cellar/hadoop/3.0.0/libexec/share/hadoop/yarn/lib/guice-4.0.jar:/usr/local/Cellar/hadoop/3.0.0/libexec/share/hadoop/yarn/lib/guice-servlet-4.0.jar:/usr/local/Cellar/hadoop/3.0.0/libexec/share/hadoop/yarn/lib/hbase-annotations-1.2.6.jar:/usr/local/Cellar/hadoop/3.0.0/libexec/share/hadoop/yarn/lib/hbase-client-1.2.6.jar:/usr/local/Cellar/hadoop/3.0.0/libexec/share/hadoop/yarn/lib/hbase-common-1.2.6.jar:/usr/local/Cellar/hadoop/3.0.0/libexec/share/hadoop/yarn/lib/hbase-hadoop-compat-1.2.6.jar:/usr/local/Cellar/hadoop/3.0.0/libexec/share/hadoop/yarn/lib/hbase-hadoop2-compat-1.2.6.jar:/usr/local/Cellar/hadoop/3.0.0/libexec/share/hadoop/yarn/lib/hbase-prefix-tree-1.2.6.jar:/usr/local/Cellar/hadoop/3.0.0/libexec/share/hadoop/yarn/lib/hbase-procedure-1.2.6.jar:/usr/local/Cellar/hadoop/3.0.0/libexec/share/hadoop/yarn/lib/hbase-protocol-1.2.6.jar:/usr/local/Cellar/hadoop/3.0.0/libexec/share/hadoop/yarn/lib/hbase-server-1.2.6.jar:/usr/local/Cellar/hadoop/3.0.0/libexec/share/hadoop/yarn/lib/HikariCP-java7-2.4.12.jar:/usr/local/Cellar/hadoop/3.0.0/libexec/share/hadoop/yarn/lib/htrace-core-3.1.0-incubating.jar:/usr/local/Cellar/hadoop/3.0.0/libexec/share/hadoop/yarn/lib/jackson-jaxrs-base-2.7.8.jar:/usr/local/Cellar/hadoop/3.0.0/libexec/share/hadoop/yarn/lib/jackson-jaxrs-json-provider-2.7.8.jar:/usr/local/Cellar/hadoop/3.0.0/libexec/share/hadoop/yarn/lib/jackson-module-jaxb-annotations-2.7.8.jar:/usr/local/Cellar/hadoop/3.0.0/libexec/share/hadoop/yarn/lib/jamon-runtime-2.4.1.jar:/usr/local/Cellar/hadoop/3.0.0/libexec/share/hadoop/yarn/lib/jasper-compiler-5.5.23.jar:/usr/local/Cellar/hadoop/3.0.0/libexec/share/hadoop/yarn/lib/jasper-runtime-5.5.23.jar:/usr/local/Cellar/hadoop/3.0.0/libexec/share/hadoop/yarn/lib/java-util-1.9.0.jar:/usr/local/Cellar/hadoop/3.0.0/libexec/share/hadoop/yarn/lib/javax.inject-1.jar:/usr/local/Cellar/hadoop/3.0.0/libexec/share/hadoop/yarn/lib/jcodings-1.0.8.jar:/usr/local/Cellar/hadoop/3.0.0/libexec/share/hadoop/yarn/lib/jersey-client-1.19.jar:/usr/local/Cellar/hadoop/3.0.0/libexec/share/hadoop/yarn/lib/jersey-guice-1.19.jar:/usr/local/Cellar/hadoop/3.0.0/libexec/share/hadoop/yarn/lib/joni-2.1.2.jar:/usr/local/Cellar/hadoop/3.0.0/libexec/share/hadoop/yarn/lib/json-io-2.5.1.jar:/usr/local/Cellar/hadoop/3.0.0/libexec/share/hadoop/yarn/lib/jsp-2.1-6.1.14.jar:/usr/local/Cellar/hadoop/3.0.0/libexec/share/hadoop/yarn/lib/jsp-api-2.1-6.1.14.jar:/usr/local/Cellar/hadoop/3.0.0/libexec/share/hadoop/yarn/lib/metrics-core-2.2.0.jar:/usr/local/Cellar/hadoop/3.0.0/libexec/share/hadoop/yarn/lib/metrics-core-3.0.1.jar:/usr/local/Cellar/hadoop/3.0.0/libexec/share/hadoop/yarn/lib/mssql-jdbc-6.2.1.jre7.jar:/usr/local/Cellar/hadoop/3.0.0/libexec/share/hadoop/yarn/lib/servlet-api-2.5-6.1.14.jar:/usr/local/Cellar/hadoop/3.0.0/libexec/share/hadoop/yarn/hadoop-yarn-api-3.0.0.jar:/usr/local/Cellar/hadoop/3.0.0/libexec/share/hadoop/yarn/hadoop-yarn-applications-distributedshell-3.0.0.jar:/usr/local/Cellar/hadoop/3.0.0/libexec/share/hadoop/yarn/hadoop-yarn-applications-unmanaged-am-launcher-3.0.0.jar:/usr/local/Cellar/hadoop/3.0.0/libexec/share/hadoop/yarn/hadoop-yarn-client-3.0.0.jar:/usr/local/Cellar/hadoop/3.0.0/libexec/share/hadoop/yarn/hadoop-yarn-common-3.0.0.jar:/usr/local/Cellar/hadoop/3.0.0/libexec/share/hadoop/yarn/hadoop-yarn-registry-3.0.0.jar:/usr/local/Cellar/hadoop/3.0.0/libexec/share/hadoop/yarn/hadoop-yarn-server-applicationhistoryservice-3.0.0.jar:/usr/local/Cellar/hadoop/3.0.0/libexec/share/hadoop/yarn/hadoop-yarn-server-common-3.0.0.jar:/usr/local/Cellar/hadoop/3.0.0/libexec/share/hadoop/yarn/hadoop-yarn-server-nodemanager-3.0.0.jar:/usr/local/Cellar/hadoop/3.0.0/libexec/share/hadoop/yarn/hadoop-yarn-server-resourcemanager-3.0.0.jar:/usr/local/Cellar/hadoop/3.0.0/libexec/share/hadoop/yarn/hadoop-yarn-server-router-3.0.0.jar:/usr/local/Cellar/hadoop/3.0.0/libexec/share/hadoop/yarn/hadoop-yarn-server-sharedcachemanager-3.0.0.jar:/usr/local/Cellar/hadoop/3.0.0/libexec/share/hadoop/yarn/hadoop-yarn-server-tests-3.0.0.jar:/usr/local/Cellar/hadoop/3.0.0/libexec/share/hadoop/yarn/hadoop-yarn-server-timeline-pluginstorage-3.0.0.jar:/usr/local/Cellar/hadoop/3.0.0/libexec/share/hadoop/yarn/hadoop-yarn-server-timelineservice-3.0.0.jar:/usr/local/Cellar/hadoop/3.0.0/libexec/share/hadoop/yarn/hadoop-yarn-server-timelineservice-hbase-3.0.0.jar:/usr/local/Cellar/hadoop/3.0.0/libexec/share/hadoop/yarn/hadoop-yarn-server-timelineservice-hbase-tests-3.0.0.jar:/usr/local/Cellar/hadoop/3.0.0/libexec/share/hadoop/yarn/hadoop-yarn-server-web-proxy-3.0.0.jar
STARTUP_MSG:   build = https://git-wip-us.apache.org/repos/asf/hadoop.git -r c25427ceca461ee979d30edd7a4b0f50718e6533; compiled by 'andrew' on 2017-12-08T19:16Z
STARTUP_MSG:   java = 1.8.0_101
************************************************************/
2018-04-06 20:29:33,320 INFO org.apache.hadoop.hdfs.server.namenode.NameNode: registered UNIX signal handlers for [TERM, HUP, INT]
2018-04-06 20:29:33,332 INFO org.apache.hadoop.hdfs.server.namenode.NameNode: createNameNode []
2018-04-06 20:29:33,746 INFO org.apache.commons.beanutils.FluentPropertyBeanIntrospector: Error when creating PropertyDescriptor for public final void org.apache.commons.configuration2.AbstractConfiguration.setProperty(java.lang.String,java.lang.Object)! Ignoring this property.
2018-04-06 20:29:33,812 INFO org.apache.hadoop.metrics2.impl.MetricsConfig: loaded properties from hadoop-metrics2.properties
2018-04-06 20:29:34,015 INFO org.apache.hadoop.metrics2.impl.MetricsSystemImpl: Scheduled Metric snapshot period at 10 second(s).
2018-04-06 20:29:34,015 INFO org.apache.hadoop.metrics2.impl.MetricsSystemImpl: NameNode metrics system started
2018-04-06 20:29:34,070 INFO org.apache.hadoop.hdfs.server.namenode.NameNode: fs.defaultFS is hdfs://localhost:9000
2018-04-06 20:29:34,076 INFO org.apache.hadoop.hdfs.server.namenode.NameNode: Clients are to use localhost:9000 to access this namenode/service.
2018-04-06 20:29:34,134 WARN org.apache.hadoop.util.NativeCodeLoader: Unable to load native-hadoop library for your platform... using builtin-java classes where applicable
2018-04-06 20:29:34,315 INFO org.apache.hadoop.util.JvmPauseMonitor: Starting JVM pause monitor
2018-04-06 20:29:34,401 INFO org.apache.hadoop.hdfs.DFSUtil: Starting Web-server for hdfs at: http://0.0.0.0:9870
2018-04-06 20:29:34,438 INFO org.eclipse.jetty.util.log: Logging initialized @2101ms
2018-04-06 20:29:34,679 INFO org.apache.hadoop.security.authentication.server.AuthenticationFilter: Unable to initialize FileSignerSecretProvider, falling back to use random secrets.
2018-04-06 20:29:34,717 INFO org.apache.hadoop.http.HttpRequestLog: Http request log for http.requests.namenode is not defined
2018-04-06 20:29:34,745 INFO org.apache.hadoop.http.HttpServer2: Added global filter 'safety' (class=org.apache.hadoop.http.HttpServer2$QuotingInputFilter)
2018-04-06 20:29:34,748 INFO org.apache.hadoop.http.HttpServer2: Added filter static_user_filter (class=org.apache.hadoop.http.lib.StaticUserWebFilter$StaticUserFilter) to context hdfs
2018-04-06 20:29:34,748 INFO org.apache.hadoop.http.HttpServer2: Added filter static_user_filter (class=org.apache.hadoop.http.lib.StaticUserWebFilter$StaticUserFilter) to context static
2018-04-06 20:29:34,749 INFO org.apache.hadoop.http.HttpServer2: Added filter static_user_filter (class=org.apache.hadoop.http.lib.StaticUserWebFilter$StaticUserFilter) to context logs
2018-04-06 20:29:34,796 INFO org.apache.hadoop.http.HttpServer2: Added filter 'org.apache.hadoop.hdfs.web.AuthFilter' (class=org.apache.hadoop.hdfs.web.AuthFilter)
2018-04-06 20:29:34,799 INFO org.apache.hadoop.http.HttpServer2: addJerseyResourcePackage: packageName=org.apache.hadoop.hdfs.server.namenode.web.resources;org.apache.hadoop.hdfs.web.resources, pathSpec=/webhdfs/v1/*
2018-04-06 20:29:34,835 INFO org.apache.hadoop.http.HttpServer2: Jetty bound to port 9870
2018-04-06 20:29:34,837 INFO org.eclipse.jetty.server.Server: jetty-9.3.19.v20170502
2018-04-06 20:29:34,909 INFO org.eclipse.jetty.server.handler.ContextHandler: Started o.e.j.s.ServletContextHandler@431cd9b2{/logs,file:///usr/local/Cellar/hadoop/3.0.0/libexec/logs/,AVAILABLE}
2018-04-06 20:29:34,910 INFO org.eclipse.jetty.server.handler.ContextHandler: Started o.e.j.s.ServletContextHandler@5b7a7f33{/static,file:///usr/local/Cellar/hadoop/3.0.0/libexec/share/hadoop/hdfs/webapps/static/,AVAILABLE}
2018-04-06 20:29:35,093 INFO org.eclipse.jetty.server.handler.ContextHandler: Started o.e.j.w.WebAppContext@6aa8e115{/,file:///usr/local/Cellar/hadoop/3.0.0/libexec/share/hadoop/hdfs/webapps/hdfs/,AVAILABLE}{/hdfs}
2018-04-06 20:29:35,122 INFO org.eclipse.jetty.server.AbstractConnector: Started ServerConnector@2440f488{HTTP/1.1,[http/1.1]}{0.0.0.0:9870}
2018-04-06 20:29:35,122 INFO org.eclipse.jetty.server.Server: Started @2788ms
2018-04-06 20:29:36,016 WARN org.apache.hadoop.hdfs.server.namenode.FSNamesystem: Only one image storage directory (dfs.namenode.name.dir) configured. Beware of data loss due to lack of redundant storage directories!
2018-04-06 20:29:36,016 WARN org.apache.hadoop.hdfs.server.namenode.FSNamesystem: Only one namespace edits storage directory (dfs.namenode.edits.dir) configured. Beware of data loss due to lack of redundant storage directories!
2018-04-06 20:29:36,233 INFO org.apache.hadoop.hdfs.server.namenode.FSEditLog: Edit logging is async:true
2018-04-06 20:29:36,264 INFO org.apache.hadoop.hdfs.server.namenode.FSNamesystem: KeyProvider: null
2018-04-06 20:29:36,267 INFO org.apache.hadoop.hdfs.server.namenode.FSNamesystem: fsLock is fair: true
2018-04-06 20:29:36,271 INFO org.apache.hadoop.hdfs.server.namenode.FSNamesystem: Detailed lock hold time metrics enabled: false
2018-04-06 20:29:36,281 INFO org.apache.hadoop.hdfs.server.namenode.FSNamesystem: fsOwner             = nataliepeters (auth:SIMPLE)
2018-04-06 20:29:36,281 INFO org.apache.hadoop.hdfs.server.namenode.FSNamesystem: supergroup          = supergroup
2018-04-06 20:29:36,282 INFO org.apache.hadoop.hdfs.server.namenode.FSNamesystem: isPermissionEnabled = true
2018-04-06 20:29:36,282 INFO org.apache.hadoop.hdfs.server.namenode.FSNamesystem: HA Enabled: false
2018-04-06 20:29:36,390 INFO org.apache.hadoop.hdfs.server.common.Util: dfs.datanode.fileio.profiling.sampling.percentage set to 0. Disabling file IO profiling
2018-04-06 20:29:36,426 INFO org.apache.hadoop.hdfs.server.blockmanagement.DatanodeManager: dfs.block.invalidate.limit: configured=1000, counted=60, effected=1000
2018-04-06 20:29:36,426 INFO org.apache.hadoop.hdfs.server.blockmanagement.DatanodeManager: dfs.namenode.datanode.registration.ip-hostname-check=true
2018-04-06 20:29:36,437 INFO org.apache.hadoop.hdfs.server.blockmanagement.BlockManager: dfs.namenode.startup.delay.block.deletion.sec is set to 000:00:00:00.000
2018-04-06 20:29:36,438 INFO org.apache.hadoop.hdfs.server.blockmanagement.BlockManager: The block deletion will start around 2018 Apr 06 20:29:36
2018-04-06 20:29:36,443 INFO org.apache.hadoop.util.GSet: Computing capacity for map BlocksMap
2018-04-06 20:29:36,443 INFO org.apache.hadoop.util.GSet: VM type       = 64-bit
2018-04-06 20:29:36,446 INFO org.apache.hadoop.util.GSet: 2.0% max memory 910.5 MB = 18.2 MB
2018-04-06 20:29:36,447 INFO org.apache.hadoop.util.GSet: capacity      = 2^21 = 2097152 entries
2018-04-06 20:29:36,460 INFO org.apache.hadoop.hdfs.server.blockmanagement.BlockManager: dfs.block.access.token.enable = false
2018-04-06 20:29:36,469 INFO org.apache.hadoop.conf.Configuration.deprecation: No unit for dfs.namenode.safemode.extension(30000) assuming MILLISECONDS
2018-04-06 20:29:36,469 INFO org.apache.hadoop.hdfs.server.blockmanagement.BlockManagerSafeMode: dfs.namenode.safemode.threshold-pct = 0.9990000128746033
2018-04-06 20:29:36,469 INFO org.apache.hadoop.hdfs.server.blockmanagement.BlockManagerSafeMode: dfs.namenode.safemode.min.datanodes = 0
2018-04-06 20:29:36,469 INFO org.apache.hadoop.hdfs.server.blockmanagement.BlockManagerSafeMode: dfs.namenode.safemode.extension = 30000
2018-04-06 20:29:36,469 INFO org.apache.hadoop.hdfs.server.blockmanagement.BlockManager: defaultReplication         = 3
2018-04-06 20:29:36,469 INFO org.apache.hadoop.hdfs.server.blockmanagement.BlockManager: maxReplication             = 512
2018-04-06 20:29:36,469 INFO org.apache.hadoop.hdfs.server.blockmanagement.BlockManager: minReplication             = 1
2018-04-06 20:29:36,469 INFO org.apache.hadoop.hdfs.server.blockmanagement.BlockManager: maxReplicationStreams      = 2
2018-04-06 20:29:36,469 INFO org.apache.hadoop.hdfs.server.blockmanagement.BlockManager: redundancyRecheckInterval  = 3000ms
2018-04-06 20:29:36,470 INFO org.apache.hadoop.hdfs.server.blockmanagement.BlockManager: encryptDataTransfer        = false
2018-04-06 20:29:36,470 INFO org.apache.hadoop.hdfs.server.blockmanagement.BlockManager: maxNumBlocksToLog          = 1000
2018-04-06 20:29:36,582 INFO org.apache.hadoop.util.GSet: Computing capacity for map INodeMap
2018-04-06 20:29:36,582 INFO org.apache.hadoop.util.GSet: VM type       = 64-bit
2018-04-06 20:29:36,582 INFO org.apache.hadoop.util.GSet: 1.0% max memory 910.5 MB = 9.1 MB
2018-04-06 20:29:36,582 INFO org.apache.hadoop.util.GSet: capacity      = 2^20 = 1048576 entries
2018-04-06 20:29:36,585 INFO org.apache.hadoop.hdfs.server.namenode.FSDirectory: ACLs enabled? false
2018-04-06 20:29:36,585 INFO org.apache.hadoop.hdfs.server.namenode.FSDirectory: POSIX ACL inheritance enabled? true
2018-04-06 20:29:36,585 INFO org.apache.hadoop.hdfs.server.namenode.FSDirectory: XAttrs enabled? true
2018-04-06 20:29:36,586 INFO org.apache.hadoop.hdfs.server.namenode.NameNode: Caching file names occurring more than 10 times
2018-04-06 20:29:36,610 INFO org.apache.hadoop.hdfs.server.namenode.snapshot.SnapshotManager: Loaded config captureOpenFiles: false, skipCaptureAccessTimeOnlyChange: false, snapshotDiffAllowSnapRootDescendant: true
2018-04-06 20:29:36,627 INFO org.apache.hadoop.util.GSet: Computing capacity for map cachedBlocks
2018-04-06 20:29:36,627 INFO org.apache.hadoop.util.GSet: VM type       = 64-bit
2018-04-06 20:29:36,627 INFO org.apache.hadoop.util.GSet: 0.25% max memory 910.5 MB = 2.3 MB
2018-04-06 20:29:36,627 INFO org.apache.hadoop.util.GSet: capacity      = 2^18 = 262144 entries
2018-04-06 20:29:36,657 INFO org.apache.hadoop.hdfs.server.namenode.top.metrics.TopMetrics: NNTop conf: dfs.namenode.top.window.num.buckets = 10
2018-04-06 20:29:36,657 INFO org.apache.hadoop.hdfs.server.namenode.top.metrics.TopMetrics: NNTop conf: dfs.namenode.top.num.users = 10
2018-04-06 20:29:36,657 INFO org.apache.hadoop.hdfs.server.namenode.top.metrics.TopMetrics: NNTop conf: dfs.namenode.top.windows.minutes = 1,5,25
2018-04-06 20:29:36,676 INFO org.apache.hadoop.hdfs.server.namenode.FSNamesystem: Retry cache on namenode is enabled
2018-04-06 20:29:36,676 INFO org.apache.hadoop.hdfs.server.namenode.FSNamesystem: Retry cache will use 0.03 of total heap and retry cache entry expiry time is 600000 millis
2018-04-06 20:29:36,681 INFO org.apache.hadoop.util.GSet: Computing capacity for map NameNodeRetryCache
2018-04-06 20:29:36,681 INFO org.apache.hadoop.util.GSet: VM type       = 64-bit
2018-04-06 20:29:36,681 INFO org.apache.hadoop.util.GSet: 0.029999999329447746% max memory 910.5 MB = 279.7 KB
2018-04-06 20:29:36,682 INFO org.apache.hadoop.util.GSet: capacity      = 2^15 = 32768 entries
2018-04-06 20:29:36,715 INFO org.apache.hadoop.hdfs.server.common.Storage: Lock on /usr/local/Cellar/hadoop/hdfs/tmp/dfs/name/in_use.lock acquired by nodename 3837@natalie-peterss-macbook.local
2018-04-06 20:29:36,768 INFO org.apache.hadoop.hdfs.server.namenode.FileJournalManager: Recovering unfinalized segments in /usr/local/Cellar/hadoop/hdfs/tmp/dfs/name/current
2018-04-06 20:29:36,769 INFO org.apache.hadoop.hdfs.server.namenode.FSImage: No edit log streams selected.
2018-04-06 20:29:36,769 INFO org.apache.hadoop.hdfs.server.namenode.FSImage: Planning to load image: FSImageFile(file=/usr/local/Cellar/hadoop/hdfs/tmp/dfs/name/current/fsimage_0000000000000000000, cpktTxId=0000000000000000000)
2018-04-06 20:29:36,962 INFO org.apache.hadoop.hdfs.server.namenode.ErasureCodingPolicyManager: Enable the erasure coding policy RS-6-3-1024k
2018-04-06 20:29:36,966 INFO org.apache.hadoop.hdfs.server.namenode.FSImageFormatPBINode: Loading 1 INodes.
2018-04-06 20:29:37,132 INFO org.apache.hadoop.hdfs.server.namenode.FSImageFormatProtobuf: Loaded FSImage in 0 seconds.
2018-04-06 20:29:37,133 INFO org.apache.hadoop.hdfs.server.namenode.FSImage: Loaded image for txid 0 from /usr/local/Cellar/hadoop/hdfs/tmp/dfs/name/current/fsimage_0000000000000000000
2018-04-06 20:29:37,153 INFO org.apache.hadoop.hdfs.server.namenode.FSNamesystem: Need to save fs image? false (staleImage=false, haEnabled=false, isRollingUpgrade=false)
2018-04-06 20:29:37,156 INFO org.apache.hadoop.hdfs.server.namenode.FSEditLog: Starting log segment at 1
2018-04-06 20:29:37,573 INFO org.apache.hadoop.hdfs.server.namenode.NameCache: initialized with 0 entries 0 lookups
2018-04-06 20:29:37,573 INFO org.apache.hadoop.hdfs.server.namenode.FSNamesystem: Finished loading FSImage in 882 msecs
2018-04-06 20:29:38,363 INFO org.apache.hadoop.hdfs.server.namenode.NameNode: RPC server is binding to localhost:9000
2018-04-06 20:29:38,407 INFO org.apache.hadoop.ipc.CallQueueManager: Using callQueue: class java.util.concurrent.LinkedBlockingQueue queueCapacity: 1000 scheduler: class org.apache.hadoop.ipc.DefaultRpcScheduler
2018-04-06 20:29:38,475 INFO org.apache.hadoop.ipc.Server: Starting Socket Reader #1 for port 9000
2018-04-06 20:29:39,070 INFO org.apache.hadoop.hdfs.server.namenode.FSNamesystem: Registered FSNamesystemState, ReplicatedBlocksState and ECBlockGroupsState MBeans.
2018-04-06 20:29:39,107 INFO org.apache.hadoop.hdfs.server.namenode.LeaseManager: Number of blocks under construction: 0
2018-04-06 20:29:39,155 INFO org.apache.hadoop.hdfs.server.blockmanagement.BlockManager: initializing replication queues
2018-04-06 20:29:39,156 INFO org.apache.hadoop.hdfs.StateChange: STATE* Leaving safe mode after 0 secs
2018-04-06 20:29:39,156 INFO org.apache.hadoop.hdfs.StateChange: STATE* Network topology has 0 racks and 0 datanodes
2018-04-06 20:29:39,156 INFO org.apache.hadoop.hdfs.StateChange: STATE* UnderReplicatedBlocks has 0 blocks
2018-04-06 20:29:39,172 INFO org.apache.hadoop.hdfs.server.blockmanagement.BlockManager: Total number of blocks            = 0
2018-04-06 20:29:39,173 INFO org.apache.hadoop.hdfs.server.blockmanagement.BlockManager: Number of invalid blocks          = 0
2018-04-06 20:29:39,173 INFO org.apache.hadoop.hdfs.server.blockmanagement.BlockManager: Number of under-replicated blocks = 0
2018-04-06 20:29:39,173 INFO org.apache.hadoop.hdfs.server.blockmanagement.BlockManager: Number of  over-replicated blocks = 0
2018-04-06 20:29:39,173 INFO org.apache.hadoop.hdfs.server.blockmanagement.BlockManager: Number of blocks being written    = 0
2018-04-06 20:29:39,173 INFO org.apache.hadoop.hdfs.StateChange: STATE* Replication Queue initialization scan for invalid, over- and under-replicated blocks completed in 17 msec
2018-04-06 20:29:39,401 INFO org.apache.hadoop.ipc.Server: IPC Server Responder: starting
2018-04-06 20:29:39,402 INFO org.apache.hadoop.ipc.Server: IPC Server listener on 9000: starting
2018-04-06 20:29:39,409 INFO org.apache.hadoop.hdfs.server.namenode.NameNode: NameNode RPC up at: localhost/127.0.0.1:9000
2018-04-06 20:29:39,415 INFO org.apache.hadoop.hdfs.server.namenode.FSNamesystem: Starting services required for active state
2018-04-06 20:29:39,415 INFO org.apache.hadoop.hdfs.server.namenode.FSDirectory: Initializing quota with 4 thread(s)
2018-04-06 20:29:39,432 INFO org.apache.hadoop.hdfs.server.namenode.FSDirectory: Quota initialization completed in 16 milliseconds
name space=1
storage space=0
storage types=RAM_DISK=0, SSD=0, DISK=0, ARCHIVE=0
2018-04-06 20:29:39,440 INFO org.apache.hadoop.hdfs.server.blockmanagement.CacheReplicationMonitor: Starting CacheReplicationMonitor with interval 30000 milliseconds
2018-04-06 20:29:42,436 INFO org.apache.hadoop.hdfs.StateChange: BLOCK* registerDatanode: from DatanodeRegistration(127.0.0.1:9866, datanodeUuid=c87dbe2e-ce83-455c-817f-be69fcb85271, infoPort=9864, infoSecurePort=0, ipcPort=9867, storageInfo=lv=-57;cid=CID-c574cbd7-2464-48ce-b100-2e5958e22d15;nsid=1668195394;c=1523067903675) storage c87dbe2e-ce83-455c-817f-be69fcb85271
2018-04-06 20:29:42,439 INFO org.apache.hadoop.net.NetworkTopology: Adding a new node: /default-rack/127.0.0.1:9866
2018-04-06 20:29:42,441 INFO org.apache.hadoop.hdfs.server.blockmanagement.BlockReportLeaseManager: Registered DN c87dbe2e-ce83-455c-817f-be69fcb85271 (127.0.0.1:9866).
2018-04-06 20:29:42,615 INFO org.apache.hadoop.hdfs.server.blockmanagement.DatanodeDescriptor: Adding new storage ID DS-3bcaed8f-a3b7-4250-ac28-60ebcc8e7b6e for DN 127.0.0.1:9866
2018-04-06 20:29:42,722 INFO BlockStateChange: BLOCK* processReport 0x95ea00717c25c21b: Processing first storage report for DS-3bcaed8f-a3b7-4250-ac28-60ebcc8e7b6e from datanode c87dbe2e-ce83-455c-817f-be69fcb85271
2018-04-06 20:29:42,724 INFO BlockStateChange: BLOCK* processReport 0x95ea00717c25c21b: from storage DS-3bcaed8f-a3b7-4250-ac28-60ebcc8e7b6e node DatanodeRegistration(127.0.0.1:9866, datanodeUuid=c87dbe2e-ce83-455c-817f-be69fcb85271, infoPort=9864, infoSecurePort=0, ipcPort=9867, storageInfo=lv=-57;cid=CID-c574cbd7-2464-48ce-b100-2e5958e22d15;nsid=1668195394;c=1523067903675), blocks: 0, hasStaleStorage: false, processing time: 3 msecs, invalidatedBlocks: 0
2018-04-06 20:39:39,184 INFO org.apache.hadoop.hdfs.server.blockmanagement.BlockManager: StorageInfo TreeSet fill ratio DS-3bcaed8f-a3b7-4250-ac28-60ebcc8e7b6e : 1.0
2018-04-06 20:41:45,802 INFO org.apache.hadoop.hdfs.server.namenode.FSNamesystem: Roll Edit Log from 127.0.0.1
2018-04-06 20:41:45,803 INFO org.apache.hadoop.hdfs.server.namenode.FSEditLog: Rolling edit logs
2018-04-06 20:41:45,803 INFO org.apache.hadoop.hdfs.server.namenode.FSEditLog: Ending log segment 1, 1
2018-04-06 20:41:45,805 INFO org.apache.hadoop.hdfs.server.namenode.FSEditLog: Number of transactions: 2 Total time for transactions(ms): 1 Number of transactions batched in Syncs: 0 Number of syncs: 2 SyncTimes(ms): 8 
2018-04-06 20:41:45,805 INFO org.apache.hadoop.hdfs.server.namenode.FSEditLog: Number of transactions: 2 Total time for transactions(ms): 1 Number of transactions batched in Syncs: 0 Number of syncs: 3 SyncTimes(ms): 8 
2018-04-06 20:41:45,811 INFO org.apache.hadoop.hdfs.server.namenode.FileJournalManager: Finalizing edits file /usr/local/Cellar/hadoop/hdfs/tmp/dfs/name/current/edits_inprogress_0000000000000000001 -> /usr/local/Cellar/hadoop/hdfs/tmp/dfs/name/current/edits_0000000000000000001-0000000000000000002
2018-04-06 20:41:45,822 INFO org.apache.hadoop.hdfs.server.namenode.FSEditLog: Starting log segment at 3
2018-04-06 20:41:46,020 INFO org.apache.hadoop.hdfs.server.namenode.TransferFsImage: Sending fileName: /usr/local/Cellar/hadoop/hdfs/tmp/dfs/name/current/fsimage_0000000000000000000, fileSize: 398. Sent total: 398 bytes. Size of last segment intended to send: -1 bytes.
2018-04-06 20:41:46,047 INFO org.apache.hadoop.hdfs.server.namenode.TransferFsImage: Sending fileName: /usr/local/Cellar/hadoop/hdfs/tmp/dfs/name/current/edits_0000000000000000001-0000000000000000002, fileSize: 42. Sent total: 42 bytes. Size of last segment intended to send: -1 bytes.
2018-04-06 20:41:46,560 INFO org.apache.hadoop.hdfs.server.common.Util: Combined time for file download and fsync to all disks took 0.00s. The file download took 0.00s at 0.00 KB/s. Synchronous (fsync) write to disk of /usr/local/Cellar/hadoop/hdfs/tmp/dfs/name/current/fsimage.ckpt_0000000000000000002 took 0.00s.
2018-04-06 20:41:46,560 INFO org.apache.hadoop.hdfs.server.namenode.TransferFsImage: Downloaded file fsimage.ckpt_0000000000000000002 size 398 bytes.
2018-04-06 20:41:46,566 INFO org.apache.hadoop.hdfs.server.namenode.NNStorageRetentionManager: Going to retain 2 images with txid >= 0
2018-04-06 20:49:39,227 INFO org.apache.hadoop.hdfs.server.blockmanagement.BlockManager: StorageInfo TreeSet fill ratio DS-3bcaed8f-a3b7-4250-ac28-60ebcc8e7b6e : 1.0
2018-04-06 20:59:39,265 INFO org.apache.hadoop.hdfs.server.blockmanagement.BlockManager: StorageInfo TreeSet fill ratio DS-3bcaed8f-a3b7-4250-ac28-60ebcc8e7b6e : 1.0
2018-04-06 21:03:58,748 ERROR org.apache.hadoop.hdfs.server.namenode.NameNode: RECEIVED SIGNAL 15: SIGTERM
2018-04-06 21:03:58,762 INFO org.apache.hadoop.hdfs.server.namenode.NameNode: SHUTDOWN_MSG: 
/************************************************************
SHUTDOWN_MSG: Shutting down NameNode at natalie-peterss-macbook.local/10.0.0.142
************************************************************/
2018-04-06 21:25:48,852 INFO org.apache.hadoop.hdfs.server.namenode.NameNode: STARTUP_MSG: 
/************************************************************
STARTUP_MSG: Starting NameNode
STARTUP_MSG:   host = natalie-peterss-macbook.local/10.0.0.142
STARTUP_MSG:   args = []
STARTUP_MSG:   version = 3.0.0
STARTUP_MSG:   classpath = /usr/local/Cellar/hadoop/3.0.0/libexec/etc/hadoop:/usr/local/Cellar/hadoop/3.0.0/libexec/share/hadoop/common/lib/accessors-smart-1.2.jar:/usr/local/Cellar/hadoop/3.0.0/libexec/share/hadoop/common/lib/asm-5.0.4.jar:/usr/local/Cellar/hadoop/3.0.0/libexec/share/hadoop/common/lib/avro-1.7.7.jar:/usr/local/Cellar/hadoop/3.0.0/libexec/share/hadoop/common/lib/commons-beanutils-1.9.3.jar:/usr/local/Cellar/hadoop/3.0.0/libexec/share/hadoop/common/lib/commons-cli-1.2.jar:/usr/local/Cellar/hadoop/3.0.0/libexec/share/hadoop/common/lib/commons-codec-1.4.jar:/usr/local/Cellar/hadoop/3.0.0/libexec/share/hadoop/common/lib/commons-collections-3.2.2.jar:/usr/local/Cellar/hadoop/3.0.0/libexec/share/hadoop/common/lib/commons-compress-1.4.1.jar:/usr/local/Cellar/hadoop/3.0.0/libexec/share/hadoop/common/lib/commons-configuration2-2.1.1.jar:/usr/local/Cellar/hadoop/3.0.0/libexec/share/hadoop/common/lib/commons-io-2.4.jar:/usr/local/Cellar/hadoop/3.0.0/libexec/share/hadoop/common/lib/commons-lang-2.6.jar:/usr/local/Cellar/hadoop/3.0.0/libexec/share/hadoop/common/lib/commons-lang3-3.4.jar:/usr/local/Cellar/hadoop/3.0.0/libexec/share/hadoop/common/lib/commons-logging-1.1.3.jar:/usr/local/Cellar/hadoop/3.0.0/libexec/share/hadoop/common/lib/commons-math3-3.1.1.jar:/usr/local/Cellar/hadoop/3.0.0/libexec/share/hadoop/common/lib/commons-net-3.1.jar:/usr/local/Cellar/hadoop/3.0.0/libexec/share/hadoop/common/lib/curator-client-2.12.0.jar:/usr/local/Cellar/hadoop/3.0.0/libexec/share/hadoop/common/lib/curator-framework-2.12.0.jar:/usr/local/Cellar/hadoop/3.0.0/libexec/share/hadoop/common/lib/curator-recipes-2.12.0.jar:/usr/local/Cellar/hadoop/3.0.0/libexec/share/hadoop/common/lib/gson-2.2.4.jar:/usr/local/Cellar/hadoop/3.0.0/libexec/share/hadoop/common/lib/guava-11.0.2.jar:/usr/local/Cellar/hadoop/3.0.0/libexec/share/hadoop/common/lib/hadoop-annotations-3.0.0.jar:/usr/local/Cellar/hadoop/3.0.0/libexec/share/hadoop/common/lib/hadoop-auth-3.0.0.jar:/usr/local/Cellar/hadoop/3.0.0/libexec/share/hadoop/common/lib/hamcrest-core-1.3.jar:/usr/local/Cellar/hadoop/3.0.0/libexec/share/hadoop/common/lib/htrace-core4-4.1.0-incubating.jar:/usr/local/Cellar/hadoop/3.0.0/libexec/share/hadoop/common/lib/httpclient-4.5.2.jar:/usr/local/Cellar/hadoop/3.0.0/libexec/share/hadoop/common/lib/httpcore-4.4.4.jar:/usr/local/Cellar/hadoop/3.0.0/libexec/share/hadoop/common/lib/jackson-annotations-2.7.8.jar:/usr/local/Cellar/hadoop/3.0.0/libexec/share/hadoop/common/lib/jackson-core-2.7.8.jar:/usr/local/Cellar/hadoop/3.0.0/libexec/share/hadoop/common/lib/jackson-core-asl-1.9.13.jar:/usr/local/Cellar/hadoop/3.0.0/libexec/share/hadoop/common/lib/jackson-databind-2.7.8.jar:/usr/local/Cellar/hadoop/3.0.0/libexec/share/hadoop/common/lib/jackson-jaxrs-1.9.13.jar:/usr/local/Cellar/hadoop/3.0.0/libexec/share/hadoop/common/lib/jackson-mapper-asl-1.9.13.jar:/usr/local/Cellar/hadoop/3.0.0/libexec/share/hadoop/common/lib/jackson-xc-1.9.13.jar:/usr/local/Cellar/hadoop/3.0.0/libexec/share/hadoop/common/lib/javax.servlet-api-3.1.0.jar:/usr/local/Cellar/hadoop/3.0.0/libexec/share/hadoop/common/lib/jaxb-api-2.2.11.jar:/usr/local/Cellar/hadoop/3.0.0/libexec/share/hadoop/common/lib/jaxb-impl-2.2.3-1.jar:/usr/local/Cellar/hadoop/3.0.0/libexec/share/hadoop/common/lib/jcip-annotations-1.0-1.jar:/usr/local/Cellar/hadoop/3.0.0/libexec/share/hadoop/common/lib/jersey-core-1.19.jar:/usr/local/Cellar/hadoop/3.0.0/libexec/share/hadoop/common/lib/jersey-json-1.19.jar:/usr/local/Cellar/hadoop/3.0.0/libexec/share/hadoop/common/lib/jersey-server-1.19.jar:/usr/local/Cellar/hadoop/3.0.0/libexec/share/hadoop/common/lib/jersey-servlet-1.19.jar:/usr/local/Cellar/hadoop/3.0.0/libexec/share/hadoop/common/lib/jettison-1.1.jar:/usr/local/Cellar/hadoop/3.0.0/libexec/share/hadoop/common/lib/jetty-http-9.3.19.v20170502.jar:/usr/local/Cellar/hadoop/3.0.0/libexec/share/hadoop/common/lib/jetty-io-9.3.19.v20170502.jar:/usr/local/Cellar/hadoop/3.0.0/libexec/share/hadoop/common/lib/jetty-security-9.3.19.v20170502.jar:/usr/local/Cellar/hadoop/3.0.0/libexec/share/hadoop/common/lib/jetty-server-9.3.19.v20170502.jar:/usr/local/Cellar/hadoop/3.0.0/libexec/share/hadoop/common/lib/jetty-servlet-9.3.19.v20170502.jar:/usr/local/Cellar/hadoop/3.0.0/libexec/share/hadoop/common/lib/jetty-util-9.3.19.v20170502.jar:/usr/local/Cellar/hadoop/3.0.0/libexec/share/hadoop/common/lib/jetty-webapp-9.3.19.v20170502.jar:/usr/local/Cellar/hadoop/3.0.0/libexec/share/hadoop/common/lib/jetty-xml-9.3.19.v20170502.jar:/usr/local/Cellar/hadoop/3.0.0/libexec/share/hadoop/common/lib/jsch-0.1.54.jar:/usr/local/Cellar/hadoop/3.0.0/libexec/share/hadoop/common/lib/json-smart-2.3.jar:/usr/local/Cellar/hadoop/3.0.0/libexec/share/hadoop/common/lib/jsp-api-2.1.jar:/usr/local/Cellar/hadoop/3.0.0/libexec/share/hadoop/common/lib/jsr305-3.0.0.jar:/usr/local/Cellar/hadoop/3.0.0/libexec/share/hadoop/common/lib/jsr311-api-1.1.1.jar:/usr/local/Cellar/hadoop/3.0.0/libexec/share/hadoop/common/lib/jul-to-slf4j-1.7.25.jar:/usr/local/Cellar/hadoop/3.0.0/libexec/share/hadoop/common/lib/junit-4.11.jar:/usr/local/Cellar/hadoop/3.0.0/libexec/share/hadoop/common/lib/kerb-admin-1.0.1.jar:/usr/local/Cellar/hadoop/3.0.0/libexec/share/hadoop/common/lib/kerb-client-1.0.1.jar:/usr/local/Cellar/hadoop/3.0.0/libexec/share/hadoop/common/lib/kerb-common-1.0.1.jar:/usr/local/Cellar/hadoop/3.0.0/libexec/share/hadoop/common/lib/kerb-core-1.0.1.jar:/usr/local/Cellar/hadoop/3.0.0/libexec/share/hadoop/common/lib/kerb-crypto-1.0.1.jar:/usr/local/Cellar/hadoop/3.0.0/libexec/share/hadoop/common/lib/kerb-identity-1.0.1.jar:/usr/local/Cellar/hadoop/3.0.0/libexec/share/hadoop/common/lib/kerb-server-1.0.1.jar:/usr/local/Cellar/hadoop/3.0.0/libexec/share/hadoop/common/lib/kerb-simplekdc-1.0.1.jar:/usr/local/Cellar/hadoop/3.0.0/libexec/share/hadoop/common/lib/kerb-util-1.0.1.jar:/usr/local/Cellar/hadoop/3.0.0/libexec/share/hadoop/common/lib/kerby-asn1-1.0.1.jar:/usr/local/Cellar/hadoop/3.0.0/libexec/share/hadoop/common/lib/kerby-config-1.0.1.jar:/usr/local/Cellar/hadoop/3.0.0/libexec/share/hadoop/common/lib/kerby-pkix-1.0.1.jar:/usr/local/Cellar/hadoop/3.0.0/libexec/share/hadoop/common/lib/kerby-util-1.0.1.jar:/usr/local/Cellar/hadoop/3.0.0/libexec/share/hadoop/common/lib/kerby-xdr-1.0.1.jar:/usr/local/Cellar/hadoop/3.0.0/libexec/share/hadoop/common/lib/log4j-1.2.17.jar:/usr/local/Cellar/hadoop/3.0.0/libexec/share/hadoop/common/lib/metrics-core-3.0.1.jar:/usr/local/Cellar/hadoop/3.0.0/libexec/share/hadoop/common/lib/mockito-all-1.8.5.jar:/usr/local/Cellar/hadoop/3.0.0/libexec/share/hadoop/common/lib/netty-3.10.5.Final.jar:/usr/local/Cellar/hadoop/3.0.0/libexec/share/hadoop/common/lib/nimbus-jose-jwt-4.41.1.jar:/usr/local/Cellar/hadoop/3.0.0/libexec/share/hadoop/common/lib/paranamer-2.3.jar:/usr/local/Cellar/hadoop/3.0.0/libexec/share/hadoop/common/lib/protobuf-java-2.5.0.jar:/usr/local/Cellar/hadoop/3.0.0/libexec/share/hadoop/common/lib/re2j-1.1.jar:/usr/local/Cellar/hadoop/3.0.0/libexec/share/hadoop/common/lib/slf4j-api-1.7.25.jar:/usr/local/Cellar/hadoop/3.0.0/libexec/share/hadoop/common/lib/slf4j-log4j12-1.7.25.jar:/usr/local/Cellar/hadoop/3.0.0/libexec/share/hadoop/common/lib/snappy-java-1.0.5.jar:/usr/local/Cellar/hadoop/3.0.0/libexec/share/hadoop/common/lib/stax2-api-3.1.4.jar:/usr/local/Cellar/hadoop/3.0.0/libexec/share/hadoop/common/lib/token-provider-1.0.1.jar:/usr/local/Cellar/hadoop/3.0.0/libexec/share/hadoop/common/lib/woodstox-core-5.0.3.jar:/usr/local/Cellar/hadoop/3.0.0/libexec/share/hadoop/common/lib/xz-1.0.jar:/usr/local/Cellar/hadoop/3.0.0/libexec/share/hadoop/common/lib/zookeeper-3.4.9.jar:/usr/local/Cellar/hadoop/3.0.0/libexec/share/hadoop/common/hadoop-common-3.0.0-tests.jar:/usr/local/Cellar/hadoop/3.0.0/libexec/share/hadoop/common/hadoop-common-3.0.0.jar:/usr/local/Cellar/hadoop/3.0.0/libexec/share/hadoop/common/hadoop-kms-3.0.0.jar:/usr/local/Cellar/hadoop/3.0.0/libexec/share/hadoop/common/hadoop-nfs-3.0.0.jar:/usr/local/Cellar/hadoop/3.0.0/libexec/share/hadoop/hdfs:/usr/local/Cellar/hadoop/3.0.0/libexec/share/hadoop/hdfs/lib/accessors-smart-1.2.jar:/usr/local/Cellar/hadoop/3.0.0/libexec/share/hadoop/hdfs/lib/asm-5.0.4.jar:/usr/local/Cellar/hadoop/3.0.0/libexec/share/hadoop/hdfs/lib/avro-1.7.7.jar:/usr/local/Cellar/hadoop/3.0.0/libexec/share/hadoop/hdfs/lib/commons-beanutils-1.9.3.jar:/usr/local/Cellar/hadoop/3.0.0/libexec/share/hadoop/hdfs/lib/commons-cli-1.2.jar:/usr/local/Cellar/hadoop/3.0.0/libexec/share/hadoop/hdfs/lib/commons-codec-1.4.jar:/usr/local/Cellar/hadoop/3.0.0/libexec/share/hadoop/hdfs/lib/commons-collections-3.2.2.jar:/usr/local/Cellar/hadoop/3.0.0/libexec/share/hadoop/hdfs/lib/commons-compress-1.4.1.jar:/usr/local/Cellar/hadoop/3.0.0/libexec/share/hadoop/hdfs/lib/commons-configuration2-2.1.1.jar:/usr/local/Cellar/hadoop/3.0.0/libexec/share/hadoop/hdfs/lib/commons-daemon-1.0.13.jar:/usr/local/Cellar/hadoop/3.0.0/libexec/share/hadoop/hdfs/lib/commons-io-2.4.jar:/usr/local/Cellar/hadoop/3.0.0/libexec/share/hadoop/hdfs/lib/commons-lang-2.6.jar:/usr/local/Cellar/hadoop/3.0.0/libexec/share/hadoop/hdfs/lib/commons-lang3-3.4.jar:/usr/local/Cellar/hadoop/3.0.0/libexec/share/hadoop/hdfs/lib/commons-logging-1.1.3.jar:/usr/local/Cellar/hadoop/3.0.0/libexec/share/hadoop/hdfs/lib/commons-math3-3.1.1.jar:/usr/local/Cellar/hadoop/3.0.0/libexec/share/hadoop/hdfs/lib/commons-net-3.1.jar:/usr/local/Cellar/hadoop/3.0.0/libexec/share/hadoop/hdfs/lib/curator-client-2.12.0.jar:/usr/local/Cellar/hadoop/3.0.0/libexec/share/hadoop/hdfs/lib/curator-framework-2.12.0.jar:/usr/local/Cellar/hadoop/3.0.0/libexec/share/hadoop/hdfs/lib/curator-recipes-2.12.0.jar:/usr/local/Cellar/hadoop/3.0.0/libexec/share/hadoop/hdfs/lib/gson-2.2.4.jar:/usr/local/Cellar/hadoop/3.0.0/libexec/share/hadoop/hdfs/lib/guava-11.0.2.jar:/usr/local/Cellar/hadoop/3.0.0/libexec/share/hadoop/hdfs/lib/hadoop-annotations-3.0.0.jar:/usr/local/Cellar/hadoop/3.0.0/libexec/share/hadoop/hdfs/lib/hadoop-auth-3.0.0.jar:/usr/local/Cellar/hadoop/3.0.0/libexec/share/hadoop/hdfs/lib/htrace-core4-4.1.0-incubating.jar:/usr/local/Cellar/hadoop/3.0.0/libexec/share/hadoop/hdfs/lib/httpclient-4.5.2.jar:/usr/local/Cellar/hadoop/3.0.0/libexec/share/hadoop/hdfs/lib/httpcore-4.4.4.jar:/usr/local/Cellar/hadoop/3.0.0/libexec/share/hadoop/hdfs/lib/jackson-annotations-2.7.8.jar:/usr/local/Cellar/hadoop/3.0.0/libexec/share/hadoop/hdfs/lib/jackson-core-2.7.8.jar:/usr/local/Cellar/hadoop/3.0.0/libexec/share/hadoop/hdfs/lib/jackson-core-asl-1.9.13.jar:/usr/local/Cellar/hadoop/3.0.0/libexec/share/hadoop/hdfs/lib/jackson-databind-2.7.8.jar:/usr/local/Cellar/hadoop/3.0.0/libexec/share/hadoop/hdfs/lib/jackson-jaxrs-1.9.13.jar:/usr/local/Cellar/hadoop/3.0.0/libexec/share/hadoop/hdfs/lib/jackson-mapper-asl-1.9.13.jar:/usr/local/Cellar/hadoop/3.0.0/libexec/share/hadoop/hdfs/lib/jackson-xc-1.9.13.jar:/usr/local/Cellar/hadoop/3.0.0/libexec/share/hadoop/hdfs/lib/javax.servlet-api-3.1.0.jar:/usr/local/Cellar/hadoop/3.0.0/libexec/share/hadoop/hdfs/lib/jaxb-api-2.2.11.jar:/usr/local/Cellar/hadoop/3.0.0/libexec/share/hadoop/hdfs/lib/jaxb-impl-2.2.3-1.jar:/usr/local/Cellar/hadoop/3.0.0/libexec/share/hadoop/hdfs/lib/jcip-annotations-1.0-1.jar:/usr/local/Cellar/hadoop/3.0.0/libexec/share/hadoop/hdfs/lib/jersey-core-1.19.jar:/usr/local/Cellar/hadoop/3.0.0/libexec/share/hadoop/hdfs/lib/jersey-json-1.19.jar:/usr/local/Cellar/hadoop/3.0.0/libexec/share/hadoop/hdfs/lib/jersey-server-1.19.jar:/usr/local/Cellar/hadoop/3.0.0/libexec/share/hadoop/hdfs/lib/jersey-servlet-1.19.jar:/usr/local/Cellar/hadoop/3.0.0/libexec/share/hadoop/hdfs/lib/jettison-1.1.jar:/usr/local/Cellar/hadoop/3.0.0/libexec/share/hadoop/hdfs/lib/jetty-http-9.3.19.v20170502.jar:/usr/local/Cellar/hadoop/3.0.0/libexec/share/hadoop/hdfs/lib/jetty-io-9.3.19.v20170502.jar:/usr/local/Cellar/hadoop/3.0.0/libexec/share/hadoop/hdfs/lib/jetty-security-9.3.19.v20170502.jar:/usr/local/Cellar/hadoop/3.0.0/libexec/share/hadoop/hdfs/lib/jetty-server-9.3.19.v20170502.jar:/usr/local/Cellar/hadoop/3.0.0/libexec/share/hadoop/hdfs/lib/jetty-servlet-9.3.19.v20170502.jar:/usr/local/Cellar/hadoop/3.0.0/libexec/share/hadoop/hdfs/lib/jetty-util-9.3.19.v20170502.jar:/usr/local/Cellar/hadoop/3.0.0/libexec/share/hadoop/hdfs/lib/jetty-util-ajax-9.3.19.v20170502.jar:/usr/local/Cellar/hadoop/3.0.0/libexec/share/hadoop/hdfs/lib/jetty-webapp-9.3.19.v20170502.jar:/usr/local/Cellar/hadoop/3.0.0/libexec/share/hadoop/hdfs/lib/jetty-xml-9.3.19.v20170502.jar:/usr/local/Cellar/hadoop/3.0.0/libexec/share/hadoop/hdfs/lib/jsch-0.1.54.jar:/usr/local/Cellar/hadoop/3.0.0/libexec/share/hadoop/hdfs/lib/json-simple-1.1.1.jar:/usr/local/Cellar/hadoop/3.0.0/libexec/share/hadoop/hdfs/lib/json-smart-2.3.jar:/usr/local/Cellar/hadoop/3.0.0/libexec/share/hadoop/hdfs/lib/jsr305-3.0.0.jar:/usr/local/Cellar/hadoop/3.0.0/libexec/share/hadoop/hdfs/lib/jsr311-api-1.1.1.jar:/usr/local/Cellar/hadoop/3.0.0/libexec/share/hadoop/hdfs/lib/kerb-admin-1.0.1.jar:/usr/local/Cellar/hadoop/3.0.0/libexec/share/hadoop/hdfs/lib/kerb-client-1.0.1.jar:/usr/local/Cellar/hadoop/3.0.0/libexec/share/hadoop/hdfs/lib/kerb-common-1.0.1.jar:/usr/local/Cellar/hadoop/3.0.0/libexec/share/hadoop/hdfs/lib/kerb-core-1.0.1.jar:/usr/local/Cellar/hadoop/3.0.0/libexec/share/hadoop/hdfs/lib/kerb-crypto-1.0.1.jar:/usr/local/Cellar/hadoop/3.0.0/libexec/share/hadoop/hdfs/lib/kerb-identity-1.0.1.jar:/usr/local/Cellar/hadoop/3.0.0/libexec/share/hadoop/hdfs/lib/kerb-server-1.0.1.jar:/usr/local/Cellar/hadoop/3.0.0/libexec/share/hadoop/hdfs/lib/kerb-simplekdc-1.0.1.jar:/usr/local/Cellar/hadoop/3.0.0/libexec/share/hadoop/hdfs/lib/kerb-util-1.0.1.jar:/usr/local/Cellar/hadoop/3.0.0/libexec/share/hadoop/hdfs/lib/kerby-asn1-1.0.1.jar:/usr/local/Cellar/hadoop/3.0.0/libexec/share/hadoop/hdfs/lib/kerby-config-1.0.1.jar:/usr/local/Cellar/hadoop/3.0.0/libexec/share/hadoop/hdfs/lib/kerby-pkix-1.0.1.jar:/usr/local/Cellar/hadoop/3.0.0/libexec/share/hadoop/hdfs/lib/kerby-util-1.0.1.jar:/usr/local/Cellar/hadoop/3.0.0/libexec/share/hadoop/hdfs/lib/kerby-xdr-1.0.1.jar:/usr/local/Cellar/hadoop/3.0.0/libexec/share/hadoop/hdfs/lib/leveldbjni-all-1.8.jar:/usr/local/Cellar/hadoop/3.0.0/libexec/share/hadoop/hdfs/lib/log4j-1.2.17.jar:/usr/local/Cellar/hadoop/3.0.0/libexec/share/hadoop/hdfs/lib/netty-3.10.5.Final.jar:/usr/local/Cellar/hadoop/3.0.0/libexec/share/hadoop/hdfs/lib/netty-all-4.0.23.Final.jar:/usr/local/Cellar/hadoop/3.0.0/libexec/share/hadoop/hdfs/lib/nimbus-jose-jwt-4.41.1.jar:/usr/local/Cellar/hadoop/3.0.0/libexec/share/hadoop/hdfs/lib/okhttp-2.4.0.jar:/usr/local/Cellar/hadoop/3.0.0/libexec/share/hadoop/hdfs/lib/okio-1.4.0.jar:/usr/local/Cellar/hadoop/3.0.0/libexec/share/hadoop/hdfs/lib/paranamer-2.3.jar:/usr/local/Cellar/hadoop/3.0.0/libexec/share/hadoop/hdfs/lib/protobuf-java-2.5.0.jar:/usr/local/Cellar/hadoop/3.0.0/libexec/share/hadoop/hdfs/lib/re2j-1.1.jar:/usr/local/Cellar/hadoop/3.0.0/libexec/share/hadoop/hdfs/lib/snappy-java-1.0.5.jar:/usr/local/Cellar/hadoop/3.0.0/libexec/share/hadoop/hdfs/lib/stax2-api-3.1.4.jar:/usr/local/Cellar/hadoop/3.0.0/libexec/share/hadoop/hdfs/lib/token-provider-1.0.1.jar:/usr/local/Cellar/hadoop/3.0.0/libexec/share/hadoop/hdfs/lib/woodstox-core-5.0.3.jar:/usr/local/Cellar/hadoop/3.0.0/libexec/share/hadoop/hdfs/lib/xz-1.0.jar:/usr/local/Cellar/hadoop/3.0.0/libexec/share/hadoop/hdfs/lib/zookeeper-3.4.9.jar:/usr/local/Cellar/hadoop/3.0.0/libexec/share/hadoop/hdfs/hadoop-hdfs-3.0.0-tests.jar:/usr/local/Cellar/hadoop/3.0.0/libexec/share/hadoop/hdfs/hadoop-hdfs-3.0.0.jar:/usr/local/Cellar/hadoop/3.0.0/libexec/share/hadoop/hdfs/hadoop-hdfs-client-3.0.0-tests.jar:/usr/local/Cellar/hadoop/3.0.0/libexec/share/hadoop/hdfs/hadoop-hdfs-client-3.0.0.jar:/usr/local/Cellar/hadoop/3.0.0/libexec/share/hadoop/hdfs/hadoop-hdfs-httpfs-3.0.0.jar:/usr/local/Cellar/hadoop/3.0.0/libexec/share/hadoop/hdfs/hadoop-hdfs-native-client-3.0.0-tests.jar:/usr/local/Cellar/hadoop/3.0.0/libexec/share/hadoop/hdfs/hadoop-hdfs-native-client-3.0.0.jar:/usr/local/Cellar/hadoop/3.0.0/libexec/share/hadoop/hdfs/hadoop-hdfs-nfs-3.0.0.jar:/usr/local/Cellar/hadoop/3.0.0/libexec/share/hadoop/mapreduce/hadoop-mapreduce-client-app-3.0.0.jar:/usr/local/Cellar/hadoop/3.0.0/libexec/share/hadoop/mapreduce/hadoop-mapreduce-client-common-3.0.0.jar:/usr/local/Cellar/hadoop/3.0.0/libexec/share/hadoop/mapreduce/hadoop-mapreduce-client-core-3.0.0.jar:/usr/local/Cellar/hadoop/3.0.0/libexec/share/hadoop/mapreduce/hadoop-mapreduce-client-hs-3.0.0.jar:/usr/local/Cellar/hadoop/3.0.0/libexec/share/hadoop/mapreduce/hadoop-mapreduce-client-hs-plugins-3.0.0.jar:/usr/local/Cellar/hadoop/3.0.0/libexec/share/hadoop/mapreduce/hadoop-mapreduce-client-jobclient-3.0.0-tests.jar:/usr/local/Cellar/hadoop/3.0.0/libexec/share/hadoop/mapreduce/hadoop-mapreduce-client-jobclient-3.0.0.jar:/usr/local/Cellar/hadoop/3.0.0/libexec/share/hadoop/mapreduce/hadoop-mapreduce-client-nativetask-3.0.0.jar:/usr/local/Cellar/hadoop/3.0.0/libexec/share/hadoop/mapreduce/hadoop-mapreduce-client-shuffle-3.0.0.jar:/usr/local/Cellar/hadoop/3.0.0/libexec/share/hadoop/mapreduce/hadoop-mapreduce-examples-3.0.0.jar:/usr/local/Cellar/hadoop/3.0.0/libexec/share/hadoop/yarn:/usr/local/Cellar/hadoop/3.0.0/libexec/share/hadoop/yarn/lib/aopalliance-1.0.jar:/usr/local/Cellar/hadoop/3.0.0/libexec/share/hadoop/yarn/lib/commons-csv-1.0.jar:/usr/local/Cellar/hadoop/3.0.0/libexec/share/hadoop/yarn/lib/commons-el-1.0.jar:/usr/local/Cellar/hadoop/3.0.0/libexec/share/hadoop/yarn/lib/commons-httpclient-3.1.jar:/usr/local/Cellar/hadoop/3.0.0/libexec/share/hadoop/yarn/lib/commons-math-2.2.jar:/usr/local/Cellar/hadoop/3.0.0/libexec/share/hadoop/yarn/lib/disruptor-3.3.0.jar:/usr/local/Cellar/hadoop/3.0.0/libexec/share/hadoop/yarn/lib/ehcache-3.3.1.jar:/usr/local/Cellar/hadoop/3.0.0/libexec/share/hadoop/yarn/lib/findbugs-annotations-1.3.9-1.jar:/usr/local/Cellar/hadoop/3.0.0/libexec/share/hadoop/yarn/lib/fst-2.50.jar:/usr/local/Cellar/hadoop/3.0.0/libexec/share/hadoop/yarn/lib/geronimo-jcache_1.0_spec-1.0-alpha-1.jar:/usr/local/Cellar/hadoop/3.0.0/libexec/share/hadoop/yarn/lib/guice-4.0.jar:/usr/local/Cellar/hadoop/3.0.0/libexec/share/hadoop/yarn/lib/guice-servlet-4.0.jar:/usr/local/Cellar/hadoop/3.0.0/libexec/share/hadoop/yarn/lib/hbase-annotations-1.2.6.jar:/usr/local/Cellar/hadoop/3.0.0/libexec/share/hadoop/yarn/lib/hbase-client-1.2.6.jar:/usr/local/Cellar/hadoop/3.0.0/libexec/share/hadoop/yarn/lib/hbase-common-1.2.6.jar:/usr/local/Cellar/hadoop/3.0.0/libexec/share/hadoop/yarn/lib/hbase-hadoop-compat-1.2.6.jar:/usr/local/Cellar/hadoop/3.0.0/libexec/share/hadoop/yarn/lib/hbase-hadoop2-compat-1.2.6.jar:/usr/local/Cellar/hadoop/3.0.0/libexec/share/hadoop/yarn/lib/hbase-prefix-tree-1.2.6.jar:/usr/local/Cellar/hadoop/3.0.0/libexec/share/hadoop/yarn/lib/hbase-procedure-1.2.6.jar:/usr/local/Cellar/hadoop/3.0.0/libexec/share/hadoop/yarn/lib/hbase-protocol-1.2.6.jar:/usr/local/Cellar/hadoop/3.0.0/libexec/share/hadoop/yarn/lib/hbase-server-1.2.6.jar:/usr/local/Cellar/hadoop/3.0.0/libexec/share/hadoop/yarn/lib/HikariCP-java7-2.4.12.jar:/usr/local/Cellar/hadoop/3.0.0/libexec/share/hadoop/yarn/lib/htrace-core-3.1.0-incubating.jar:/usr/local/Cellar/hadoop/3.0.0/libexec/share/hadoop/yarn/lib/jackson-jaxrs-base-2.7.8.jar:/usr/local/Cellar/hadoop/3.0.0/libexec/share/hadoop/yarn/lib/jackson-jaxrs-json-provider-2.7.8.jar:/usr/local/Cellar/hadoop/3.0.0/libexec/share/hadoop/yarn/lib/jackson-module-jaxb-annotations-2.7.8.jar:/usr/local/Cellar/hadoop/3.0.0/libexec/share/hadoop/yarn/lib/jamon-runtime-2.4.1.jar:/usr/local/Cellar/hadoop/3.0.0/libexec/share/hadoop/yarn/lib/jasper-compiler-5.5.23.jar:/usr/local/Cellar/hadoop/3.0.0/libexec/share/hadoop/yarn/lib/jasper-runtime-5.5.23.jar:/usr/local/Cellar/hadoop/3.0.0/libexec/share/hadoop/yarn/lib/java-util-1.9.0.jar:/usr/local/Cellar/hadoop/3.0.0/libexec/share/hadoop/yarn/lib/javax.inject-1.jar:/usr/local/Cellar/hadoop/3.0.0/libexec/share/hadoop/yarn/lib/jcodings-1.0.8.jar:/usr/local/Cellar/hadoop/3.0.0/libexec/share/hadoop/yarn/lib/jersey-client-1.19.jar:/usr/local/Cellar/hadoop/3.0.0/libexec/share/hadoop/yarn/lib/jersey-guice-1.19.jar:/usr/local/Cellar/hadoop/3.0.0/libexec/share/hadoop/yarn/lib/joni-2.1.2.jar:/usr/local/Cellar/hadoop/3.0.0/libexec/share/hadoop/yarn/lib/json-io-2.5.1.jar:/usr/local/Cellar/hadoop/3.0.0/libexec/share/hadoop/yarn/lib/jsp-2.1-6.1.14.jar:/usr/local/Cellar/hadoop/3.0.0/libexec/share/hadoop/yarn/lib/jsp-api-2.1-6.1.14.jar:/usr/local/Cellar/hadoop/3.0.0/libexec/share/hadoop/yarn/lib/metrics-core-2.2.0.jar:/usr/local/Cellar/hadoop/3.0.0/libexec/share/hadoop/yarn/lib/metrics-core-3.0.1.jar:/usr/local/Cellar/hadoop/3.0.0/libexec/share/hadoop/yarn/lib/mssql-jdbc-6.2.1.jre7.jar:/usr/local/Cellar/hadoop/3.0.0/libexec/share/hadoop/yarn/lib/servlet-api-2.5-6.1.14.jar:/usr/local/Cellar/hadoop/3.0.0/libexec/share/hadoop/yarn/hadoop-yarn-api-3.0.0.jar:/usr/local/Cellar/hadoop/3.0.0/libexec/share/hadoop/yarn/hadoop-yarn-applications-distributedshell-3.0.0.jar:/usr/local/Cellar/hadoop/3.0.0/libexec/share/hadoop/yarn/hadoop-yarn-applications-unmanaged-am-launcher-3.0.0.jar:/usr/local/Cellar/hadoop/3.0.0/libexec/share/hadoop/yarn/hadoop-yarn-client-3.0.0.jar:/usr/local/Cellar/hadoop/3.0.0/libexec/share/hadoop/yarn/hadoop-yarn-common-3.0.0.jar:/usr/local/Cellar/hadoop/3.0.0/libexec/share/hadoop/yarn/hadoop-yarn-registry-3.0.0.jar:/usr/local/Cellar/hadoop/3.0.0/libexec/share/hadoop/yarn/hadoop-yarn-server-applicationhistoryservice-3.0.0.jar:/usr/local/Cellar/hadoop/3.0.0/libexec/share/hadoop/yarn/hadoop-yarn-server-common-3.0.0.jar:/usr/local/Cellar/hadoop/3.0.0/libexec/share/hadoop/yarn/hadoop-yarn-server-nodemanager-3.0.0.jar:/usr/local/Cellar/hadoop/3.0.0/libexec/share/hadoop/yarn/hadoop-yarn-server-resourcemanager-3.0.0.jar:/usr/local/Cellar/hadoop/3.0.0/libexec/share/hadoop/yarn/hadoop-yarn-server-router-3.0.0.jar:/usr/local/Cellar/hadoop/3.0.0/libexec/share/hadoop/yarn/hadoop-yarn-server-sharedcachemanager-3.0.0.jar:/usr/local/Cellar/hadoop/3.0.0/libexec/share/hadoop/yarn/hadoop-yarn-server-tests-3.0.0.jar:/usr/local/Cellar/hadoop/3.0.0/libexec/share/hadoop/yarn/hadoop-yarn-server-timeline-pluginstorage-3.0.0.jar:/usr/local/Cellar/hadoop/3.0.0/libexec/share/hadoop/yarn/hadoop-yarn-server-timelineservice-3.0.0.jar:/usr/local/Cellar/hadoop/3.0.0/libexec/share/hadoop/yarn/hadoop-yarn-server-timelineservice-hbase-3.0.0.jar:/usr/local/Cellar/hadoop/3.0.0/libexec/share/hadoop/yarn/hadoop-yarn-server-timelineservice-hbase-tests-3.0.0.jar:/usr/local/Cellar/hadoop/3.0.0/libexec/share/hadoop/yarn/hadoop-yarn-server-web-proxy-3.0.0.jar
STARTUP_MSG:   build = https://git-wip-us.apache.org/repos/asf/hadoop.git -r c25427ceca461ee979d30edd7a4b0f50718e6533; compiled by 'andrew' on 2017-12-08T19:16Z
STARTUP_MSG:   java = 1.8.0_101
************************************************************/
2018-04-06 21:25:48,867 INFO org.apache.hadoop.hdfs.server.namenode.NameNode: registered UNIX signal handlers for [TERM, HUP, INT]
2018-04-06 21:25:48,874 INFO org.apache.hadoop.hdfs.server.namenode.NameNode: createNameNode []
2018-04-06 21:25:49,266 INFO org.apache.commons.beanutils.FluentPropertyBeanIntrospector: Error when creating PropertyDescriptor for public final void org.apache.commons.configuration2.AbstractConfiguration.setProperty(java.lang.String,java.lang.Object)! Ignoring this property.
2018-04-06 21:25:49,328 INFO org.apache.hadoop.metrics2.impl.MetricsConfig: loaded properties from hadoop-metrics2.properties
2018-04-06 21:25:49,537 INFO org.apache.hadoop.metrics2.impl.MetricsSystemImpl: Scheduled Metric snapshot period at 10 second(s).
2018-04-06 21:25:49,537 INFO org.apache.hadoop.metrics2.impl.MetricsSystemImpl: NameNode metrics system started
2018-04-06 21:25:49,574 INFO org.apache.hadoop.hdfs.server.namenode.NameNode: fs.defaultFS is hdfs://localhost:9000
2018-04-06 21:25:49,579 INFO org.apache.hadoop.hdfs.server.namenode.NameNode: Clients are to use localhost:9000 to access this namenode/service.
2018-04-06 21:25:49,631 WARN org.apache.hadoop.util.NativeCodeLoader: Unable to load native-hadoop library for your platform... using builtin-java classes where applicable
2018-04-06 21:25:49,808 INFO org.apache.hadoop.util.JvmPauseMonitor: Starting JVM pause monitor
2018-04-06 21:25:49,907 INFO org.apache.hadoop.hdfs.DFSUtil: Starting Web-server for hdfs at: http://0.0.0.0:9870
2018-04-06 21:25:49,943 INFO org.eclipse.jetty.util.log: Logging initialized @1814ms
2018-04-06 21:25:50,187 INFO org.apache.hadoop.security.authentication.server.AuthenticationFilter: Unable to initialize FileSignerSecretProvider, falling back to use random secrets.
2018-04-06 21:25:50,207 INFO org.apache.hadoop.http.HttpRequestLog: Http request log for http.requests.namenode is not defined
2018-04-06 21:25:50,240 INFO org.apache.hadoop.http.HttpServer2: Added global filter 'safety' (class=org.apache.hadoop.http.HttpServer2$QuotingInputFilter)
2018-04-06 21:25:50,242 INFO org.apache.hadoop.http.HttpServer2: Added filter static_user_filter (class=org.apache.hadoop.http.lib.StaticUserWebFilter$StaticUserFilter) to context hdfs
2018-04-06 21:25:50,243 INFO org.apache.hadoop.http.HttpServer2: Added filter static_user_filter (class=org.apache.hadoop.http.lib.StaticUserWebFilter$StaticUserFilter) to context static
2018-04-06 21:25:50,243 INFO org.apache.hadoop.http.HttpServer2: Added filter static_user_filter (class=org.apache.hadoop.http.lib.StaticUserWebFilter$StaticUserFilter) to context logs
2018-04-06 21:25:50,290 INFO org.apache.hadoop.http.HttpServer2: Added filter 'org.apache.hadoop.hdfs.web.AuthFilter' (class=org.apache.hadoop.hdfs.web.AuthFilter)
2018-04-06 21:25:50,294 INFO org.apache.hadoop.http.HttpServer2: addJerseyResourcePackage: packageName=org.apache.hadoop.hdfs.server.namenode.web.resources;org.apache.hadoop.hdfs.web.resources, pathSpec=/webhdfs/v1/*
2018-04-06 21:25:50,325 INFO org.apache.hadoop.http.HttpServer2: Jetty bound to port 9870
2018-04-06 21:25:50,327 INFO org.eclipse.jetty.server.Server: jetty-9.3.19.v20170502
2018-04-06 21:25:50,410 INFO org.eclipse.jetty.server.handler.ContextHandler: Started o.e.j.s.ServletContextHandler@431cd9b2{/logs,file:///usr/local/Cellar/hadoop/3.0.0/libexec/logs/,AVAILABLE}
2018-04-06 21:25:50,412 INFO org.eclipse.jetty.server.handler.ContextHandler: Started o.e.j.s.ServletContextHandler@5b7a7f33{/static,file:///usr/local/Cellar/hadoop/3.0.0/libexec/share/hadoop/hdfs/webapps/static/,AVAILABLE}
2018-04-06 21:25:50,573 INFO org.eclipse.jetty.server.handler.ContextHandler: Started o.e.j.w.WebAppContext@6aa8e115{/,file:///usr/local/Cellar/hadoop/3.0.0/libexec/share/hadoop/hdfs/webapps/hdfs/,AVAILABLE}{/hdfs}
2018-04-06 21:25:50,591 INFO org.eclipse.jetty.server.AbstractConnector: Started ServerConnector@1a3c7791{HTTP/1.1,[http/1.1]}{0.0.0.0:9870}
2018-04-06 21:25:50,591 INFO org.eclipse.jetty.server.Server: Started @2464ms
2018-04-06 21:25:51,384 WARN org.apache.hadoop.hdfs.server.namenode.FSNamesystem: Only one image storage directory (dfs.namenode.name.dir) configured. Beware of data loss due to lack of redundant storage directories!
2018-04-06 21:25:51,384 WARN org.apache.hadoop.hdfs.server.namenode.FSNamesystem: Only one namespace edits storage directory (dfs.namenode.edits.dir) configured. Beware of data loss due to lack of redundant storage directories!
2018-04-06 21:25:51,572 INFO org.apache.hadoop.hdfs.server.namenode.FSEditLog: Edit logging is async:true
2018-04-06 21:25:51,599 INFO org.apache.hadoop.hdfs.server.namenode.FSNamesystem: KeyProvider: null
2018-04-06 21:25:51,601 INFO org.apache.hadoop.hdfs.server.namenode.FSNamesystem: fsLock is fair: true
2018-04-06 21:25:51,606 INFO org.apache.hadoop.hdfs.server.namenode.FSNamesystem: Detailed lock hold time metrics enabled: false
2018-04-06 21:25:51,619 INFO org.apache.hadoop.hdfs.server.namenode.FSNamesystem: fsOwner             = nataliepeters (auth:SIMPLE)
2018-04-06 21:25:51,619 INFO org.apache.hadoop.hdfs.server.namenode.FSNamesystem: supergroup          = supergroup
2018-04-06 21:25:51,619 INFO org.apache.hadoop.hdfs.server.namenode.FSNamesystem: isPermissionEnabled = true
2018-04-06 21:25:51,619 INFO org.apache.hadoop.hdfs.server.namenode.FSNamesystem: HA Enabled: false
2018-04-06 21:25:51,726 INFO org.apache.hadoop.hdfs.server.common.Util: dfs.datanode.fileio.profiling.sampling.percentage set to 0. Disabling file IO profiling
2018-04-06 21:25:51,758 INFO org.apache.hadoop.hdfs.server.blockmanagement.DatanodeManager: dfs.block.invalidate.limit: configured=1000, counted=60, effected=1000
2018-04-06 21:25:51,758 INFO org.apache.hadoop.hdfs.server.blockmanagement.DatanodeManager: dfs.namenode.datanode.registration.ip-hostname-check=true
2018-04-06 21:25:51,768 INFO org.apache.hadoop.hdfs.server.blockmanagement.BlockManager: dfs.namenode.startup.delay.block.deletion.sec is set to 000:00:00:00.000
2018-04-06 21:25:51,768 INFO org.apache.hadoop.hdfs.server.blockmanagement.BlockManager: The block deletion will start around 2018 Apr 06 21:25:51
2018-04-06 21:25:51,772 INFO org.apache.hadoop.util.GSet: Computing capacity for map BlocksMap
2018-04-06 21:25:51,772 INFO org.apache.hadoop.util.GSet: VM type       = 64-bit
2018-04-06 21:25:51,775 INFO org.apache.hadoop.util.GSet: 2.0% max memory 910.5 MB = 18.2 MB
2018-04-06 21:25:51,775 INFO org.apache.hadoop.util.GSet: capacity      = 2^21 = 2097152 entries
2018-04-06 21:25:51,789 INFO org.apache.hadoop.hdfs.server.blockmanagement.BlockManager: dfs.block.access.token.enable = false
2018-04-06 21:25:51,803 INFO org.apache.hadoop.conf.Configuration.deprecation: No unit for dfs.namenode.safemode.extension(30000) assuming MILLISECONDS
2018-04-06 21:25:51,803 INFO org.apache.hadoop.hdfs.server.blockmanagement.BlockManagerSafeMode: dfs.namenode.safemode.threshold-pct = 0.9990000128746033
2018-04-06 21:25:51,803 INFO org.apache.hadoop.hdfs.server.blockmanagement.BlockManagerSafeMode: dfs.namenode.safemode.min.datanodes = 0
2018-04-06 21:25:51,803 INFO org.apache.hadoop.hdfs.server.blockmanagement.BlockManagerSafeMode: dfs.namenode.safemode.extension = 30000
2018-04-06 21:25:51,803 INFO org.apache.hadoop.hdfs.server.blockmanagement.BlockManager: defaultReplication         = 3
2018-04-06 21:25:51,803 INFO org.apache.hadoop.hdfs.server.blockmanagement.BlockManager: maxReplication             = 512
2018-04-06 21:25:51,803 INFO org.apache.hadoop.hdfs.server.blockmanagement.BlockManager: minReplication             = 1
2018-04-06 21:25:51,804 INFO org.apache.hadoop.hdfs.server.blockmanagement.BlockManager: maxReplicationStreams      = 2
2018-04-06 21:25:51,804 INFO org.apache.hadoop.hdfs.server.blockmanagement.BlockManager: redundancyRecheckInterval  = 3000ms
2018-04-06 21:25:51,804 INFO org.apache.hadoop.hdfs.server.blockmanagement.BlockManager: encryptDataTransfer        = false
2018-04-06 21:25:51,804 INFO org.apache.hadoop.hdfs.server.blockmanagement.BlockManager: maxNumBlocksToLog          = 1000
2018-04-06 21:25:51,910 INFO org.apache.hadoop.util.GSet: Computing capacity for map INodeMap
2018-04-06 21:25:51,910 INFO org.apache.hadoop.util.GSet: VM type       = 64-bit
2018-04-06 21:25:51,910 INFO org.apache.hadoop.util.GSet: 1.0% max memory 910.5 MB = 9.1 MB
2018-04-06 21:25:51,910 INFO org.apache.hadoop.util.GSet: capacity      = 2^20 = 1048576 entries
2018-04-06 21:25:51,914 INFO org.apache.hadoop.hdfs.server.namenode.FSDirectory: ACLs enabled? false
2018-04-06 21:25:51,914 INFO org.apache.hadoop.hdfs.server.namenode.FSDirectory: POSIX ACL inheritance enabled? true
2018-04-06 21:25:51,914 INFO org.apache.hadoop.hdfs.server.namenode.FSDirectory: XAttrs enabled? true
2018-04-06 21:25:51,914 INFO org.apache.hadoop.hdfs.server.namenode.NameNode: Caching file names occurring more than 10 times
2018-04-06 21:25:51,935 INFO org.apache.hadoop.hdfs.server.namenode.snapshot.SnapshotManager: Loaded config captureOpenFiles: false, skipCaptureAccessTimeOnlyChange: false, snapshotDiffAllowSnapRootDescendant: true
2018-04-06 21:25:51,952 INFO org.apache.hadoop.util.GSet: Computing capacity for map cachedBlocks
2018-04-06 21:25:51,952 INFO org.apache.hadoop.util.GSet: VM type       = 64-bit
2018-04-06 21:25:51,952 INFO org.apache.hadoop.util.GSet: 0.25% max memory 910.5 MB = 2.3 MB
2018-04-06 21:25:51,952 INFO org.apache.hadoop.util.GSet: capacity      = 2^18 = 262144 entries
2018-04-06 21:25:51,979 INFO org.apache.hadoop.hdfs.server.namenode.top.metrics.TopMetrics: NNTop conf: dfs.namenode.top.window.num.buckets = 10
2018-04-06 21:25:51,979 INFO org.apache.hadoop.hdfs.server.namenode.top.metrics.TopMetrics: NNTop conf: dfs.namenode.top.num.users = 10
2018-04-06 21:25:51,979 INFO org.apache.hadoop.hdfs.server.namenode.top.metrics.TopMetrics: NNTop conf: dfs.namenode.top.windows.minutes = 1,5,25
2018-04-06 21:25:51,990 INFO org.apache.hadoop.hdfs.server.namenode.FSNamesystem: Retry cache on namenode is enabled
2018-04-06 21:25:51,990 INFO org.apache.hadoop.hdfs.server.namenode.FSNamesystem: Retry cache will use 0.03 of total heap and retry cache entry expiry time is 600000 millis
2018-04-06 21:25:51,994 INFO org.apache.hadoop.util.GSet: Computing capacity for map NameNodeRetryCache
2018-04-06 21:25:51,994 INFO org.apache.hadoop.util.GSet: VM type       = 64-bit
2018-04-06 21:25:51,997 INFO org.apache.hadoop.util.GSet: 0.029999999329447746% max memory 910.5 MB = 279.7 KB
2018-04-06 21:25:51,997 INFO org.apache.hadoop.util.GSet: capacity      = 2^15 = 32768 entries
2018-04-06 21:25:52,034 INFO org.apache.hadoop.hdfs.server.common.Storage: Lock on /usr/local/Cellar/hadoop/hdfs/tmp/dfs/name/in_use.lock acquired by nodename 5716@natalie-peterss-macbook.local
2018-04-06 21:25:52,085 INFO org.apache.hadoop.hdfs.server.namenode.FileJournalManager: Recovering unfinalized segments in /usr/local/Cellar/hadoop/hdfs/tmp/dfs/name/current
2018-04-06 21:25:52,155 INFO org.apache.hadoop.hdfs.server.namenode.FileJournalManager: Finalizing edits file /usr/local/Cellar/hadoop/hdfs/tmp/dfs/name/current/edits_inprogress_0000000000000000003 -> /usr/local/Cellar/hadoop/hdfs/tmp/dfs/name/current/edits_0000000000000000003-0000000000000000003
2018-04-06 21:25:52,165 INFO org.apache.hadoop.hdfs.server.namenode.FSImage: Planning to load image: FSImageFile(file=/usr/local/Cellar/hadoop/hdfs/tmp/dfs/name/current/fsimage_0000000000000000002, cpktTxId=0000000000000000002)
2018-04-06 21:25:52,359 INFO org.apache.hadoop.hdfs.server.namenode.ErasureCodingPolicyManager: Enable the erasure coding policy RS-6-3-1024k
2018-04-06 21:25:52,363 INFO org.apache.hadoop.hdfs.server.namenode.FSImageFormatPBINode: Loading 1 INodes.
2018-04-06 21:25:52,479 INFO org.apache.hadoop.hdfs.server.namenode.FSImageFormatProtobuf: Loaded FSImage in 0 seconds.
2018-04-06 21:25:52,479 INFO org.apache.hadoop.hdfs.server.namenode.FSImage: Loaded image for txid 2 from /usr/local/Cellar/hadoop/hdfs/tmp/dfs/name/current/fsimage_0000000000000000002
2018-04-06 21:25:52,480 INFO org.apache.hadoop.hdfs.server.namenode.FSImage: Reading org.apache.hadoop.hdfs.server.namenode.RedundantEditLogInputStream@6cfcd46d expecting start txid #3
2018-04-06 21:25:52,480 INFO org.apache.hadoop.hdfs.server.namenode.FSImage: Start loading edits file /usr/local/Cellar/hadoop/hdfs/tmp/dfs/name/current/edits_0000000000000000003-0000000000000000003
2018-04-06 21:25:52,490 INFO org.apache.hadoop.hdfs.server.namenode.RedundantEditLogInputStream: Fast-forwarding stream '/usr/local/Cellar/hadoop/hdfs/tmp/dfs/name/current/edits_0000000000000000003-0000000000000000003' to transaction ID 3
2018-04-06 21:25:52,514 INFO org.apache.hadoop.hdfs.server.namenode.FSImage: Edits file /usr/local/Cellar/hadoop/hdfs/tmp/dfs/name/current/edits_0000000000000000003-0000000000000000003 of size 1048576 edits # 1 loaded in 0 seconds
2018-04-06 21:25:52,514 INFO org.apache.hadoop.hdfs.server.namenode.FSNamesystem: Need to save fs image? false (staleImage=false, haEnabled=false, isRollingUpgrade=false)
2018-04-06 21:25:52,515 INFO org.apache.hadoop.hdfs.server.namenode.FSEditLog: Starting log segment at 4
2018-04-06 21:25:52,747 INFO org.apache.hadoop.hdfs.server.namenode.NameCache: initialized with 0 entries 0 lookups
2018-04-06 21:25:52,747 INFO org.apache.hadoop.hdfs.server.namenode.FSNamesystem: Finished loading FSImage in 742 msecs
2018-04-06 21:25:53,258 INFO org.apache.hadoop.hdfs.server.namenode.NameNode: RPC server is binding to localhost:9000
2018-04-06 21:25:53,275 INFO org.apache.hadoop.ipc.CallQueueManager: Using callQueue: class java.util.concurrent.LinkedBlockingQueue queueCapacity: 1000 scheduler: class org.apache.hadoop.ipc.DefaultRpcScheduler
2018-04-06 21:25:53,307 INFO org.apache.hadoop.ipc.Server: Starting Socket Reader #1 for port 9000
2018-04-06 21:25:53,868 INFO org.apache.hadoop.hdfs.server.namenode.FSNamesystem: Registered FSNamesystemState, ReplicatedBlocksState and ECBlockGroupsState MBeans.
2018-04-06 21:25:53,962 INFO org.apache.hadoop.hdfs.server.namenode.LeaseManager: Number of blocks under construction: 0
2018-04-06 21:25:54,014 INFO org.apache.hadoop.hdfs.server.blockmanagement.BlockManager: initializing replication queues
2018-04-06 21:25:54,014 INFO org.apache.hadoop.hdfs.StateChange: STATE* Leaving safe mode after 0 secs
2018-04-06 21:25:54,015 INFO org.apache.hadoop.hdfs.StateChange: STATE* Network topology has 0 racks and 0 datanodes
2018-04-06 21:25:54,015 INFO org.apache.hadoop.hdfs.StateChange: STATE* UnderReplicatedBlocks has 0 blocks
2018-04-06 21:25:54,033 INFO org.apache.hadoop.hdfs.server.blockmanagement.BlockManager: Total number of blocks            = 0
2018-04-06 21:25:54,033 INFO org.apache.hadoop.hdfs.server.blockmanagement.BlockManager: Number of invalid blocks          = 0
2018-04-06 21:25:54,033 INFO org.apache.hadoop.hdfs.server.blockmanagement.BlockManager: Number of under-replicated blocks = 0
2018-04-06 21:25:54,033 INFO org.apache.hadoop.hdfs.server.blockmanagement.BlockManager: Number of  over-replicated blocks = 0
2018-04-06 21:25:54,033 INFO org.apache.hadoop.hdfs.server.blockmanagement.BlockManager: Number of blocks being written    = 0
2018-04-06 21:25:54,033 INFO org.apache.hadoop.hdfs.StateChange: STATE* Replication Queue initialization scan for invalid, over- and under-replicated blocks completed in 14 msec
2018-04-06 21:25:54,132 INFO org.apache.hadoop.ipc.Server: IPC Server Responder: starting
2018-04-06 21:25:54,132 INFO org.apache.hadoop.ipc.Server: IPC Server listener on 9000: starting
2018-04-06 21:25:54,139 INFO org.apache.hadoop.hdfs.server.namenode.NameNode: NameNode RPC up at: localhost/127.0.0.1:9000
2018-04-06 21:25:54,147 INFO org.apache.hadoop.hdfs.server.namenode.FSNamesystem: Starting services required for active state
2018-04-06 21:25:54,147 INFO org.apache.hadoop.hdfs.server.namenode.FSDirectory: Initializing quota with 4 thread(s)
2018-04-06 21:25:54,184 INFO org.apache.hadoop.hdfs.server.namenode.FSDirectory: Quota initialization completed in 36 milliseconds
name space=1
storage space=0
storage types=RAM_DISK=0, SSD=0, DISK=0, ARCHIVE=0
2018-04-06 21:25:54,193 INFO org.apache.hadoop.hdfs.server.blockmanagement.CacheReplicationMonitor: Starting CacheReplicationMonitor with interval 30000 milliseconds
2018-04-06 21:25:56,884 INFO org.apache.hadoop.hdfs.StateChange: BLOCK* registerDatanode: from DatanodeRegistration(127.0.0.1:9866, datanodeUuid=c87dbe2e-ce83-455c-817f-be69fcb85271, infoPort=9864, infoSecurePort=0, ipcPort=9867, storageInfo=lv=-57;cid=CID-c574cbd7-2464-48ce-b100-2e5958e22d15;nsid=1668195394;c=1523067903675) storage c87dbe2e-ce83-455c-817f-be69fcb85271
2018-04-06 21:25:56,887 INFO org.apache.hadoop.net.NetworkTopology: Adding a new node: /default-rack/127.0.0.1:9866
2018-04-06 21:25:56,889 INFO org.apache.hadoop.hdfs.server.blockmanagement.BlockReportLeaseManager: Registered DN c87dbe2e-ce83-455c-817f-be69fcb85271 (127.0.0.1:9866).
2018-04-06 21:25:57,047 INFO org.apache.hadoop.hdfs.server.blockmanagement.DatanodeDescriptor: Adding new storage ID DS-3bcaed8f-a3b7-4250-ac28-60ebcc8e7b6e for DN 127.0.0.1:9866
2018-04-06 21:25:57,135 INFO BlockStateChange: BLOCK* processReport 0x1ec96763c5120de5: Processing first storage report for DS-3bcaed8f-a3b7-4250-ac28-60ebcc8e7b6e from datanode c87dbe2e-ce83-455c-817f-be69fcb85271
2018-04-06 21:25:57,137 INFO BlockStateChange: BLOCK* processReport 0x1ec96763c5120de5: from storage DS-3bcaed8f-a3b7-4250-ac28-60ebcc8e7b6e node DatanodeRegistration(127.0.0.1:9866, datanodeUuid=c87dbe2e-ce83-455c-817f-be69fcb85271, infoPort=9864, infoSecurePort=0, ipcPort=9867, storageInfo=lv=-57;cid=CID-c574cbd7-2464-48ce-b100-2e5958e22d15;nsid=1668195394;c=1523067903675), blocks: 0, hasStaleStorage: false, processing time: 3 msecs, invalidatedBlocks: 0
2018-04-06 21:27:00,169 INFO org.apache.hadoop.hdfs.server.namenode.FSNamesystem: Roll Edit Log from 127.0.0.1
2018-04-06 21:27:00,170 INFO org.apache.hadoop.hdfs.server.namenode.FSEditLog: Rolling edit logs
2018-04-06 21:27:00,170 INFO org.apache.hadoop.hdfs.server.namenode.FSEditLog: Ending log segment 4, 4
2018-04-06 21:27:00,171 INFO org.apache.hadoop.hdfs.server.namenode.FSEditLog: Number of transactions: 2 Total time for transactions(ms): 1 Number of transactions batched in Syncs: 3 Number of syncs: 2 SyncTimes(ms): 8 
2018-04-06 21:27:00,171 INFO org.apache.hadoop.hdfs.server.namenode.FSEditLog: Number of transactions: 2 Total time for transactions(ms): 1 Number of transactions batched in Syncs: 3 Number of syncs: 3 SyncTimes(ms): 9 
2018-04-06 21:27:00,173 INFO org.apache.hadoop.hdfs.server.namenode.FileJournalManager: Finalizing edits file /usr/local/Cellar/hadoop/hdfs/tmp/dfs/name/current/edits_inprogress_0000000000000000004 -> /usr/local/Cellar/hadoop/hdfs/tmp/dfs/name/current/edits_0000000000000000004-0000000000000000005
2018-04-06 21:27:00,173 INFO org.apache.hadoop.hdfs.server.namenode.FSEditLog: Starting log segment at 6
2018-04-06 21:27:00,557 INFO org.apache.hadoop.hdfs.server.namenode.TransferFsImage: Sending fileName: /usr/local/Cellar/hadoop/hdfs/tmp/dfs/name/current/fsimage_0000000000000000002, fileSize: 398. Sent total: 398 bytes. Size of last segment intended to send: -1 bytes.
2018-04-06 21:27:00,606 INFO org.apache.hadoop.hdfs.server.namenode.TransferFsImage: Sending fileName: /usr/local/Cellar/hadoop/hdfs/tmp/dfs/name/current/edits_0000000000000000003-0000000000000000003, fileSize: 1048576. Sent total: 1048576 bytes. Size of last segment intended to send: -1 bytes.
2018-04-06 21:27:00,613 INFO org.apache.hadoop.hdfs.server.namenode.TransferFsImage: Sending fileName: /usr/local/Cellar/hadoop/hdfs/tmp/dfs/name/current/edits_0000000000000000004-0000000000000000005, fileSize: 42. Sent total: 42 bytes. Size of last segment intended to send: -1 bytes.
2018-04-06 21:27:01,062 INFO org.apache.hadoop.hdfs.server.common.Util: Combined time for file download and fsync to all disks took 0.00s. The file download took 0.00s at 0.00 KB/s. Synchronous (fsync) write to disk of /usr/local/Cellar/hadoop/hdfs/tmp/dfs/name/current/fsimage.ckpt_0000000000000000005 took 0.00s.
2018-04-06 21:27:01,062 INFO org.apache.hadoop.hdfs.server.namenode.TransferFsImage: Downloaded file fsimage.ckpt_0000000000000000005 size 398 bytes.
2018-04-06 21:27:01,067 INFO org.apache.hadoop.hdfs.server.namenode.NNStorageRetentionManager: Going to retain 2 images with txid >= 2
2018-04-06 21:27:01,067 INFO org.apache.hadoop.hdfs.server.namenode.NNStorageRetentionManager: Purging old image FSImageFile(file=/usr/local/Cellar/hadoop/hdfs/tmp/dfs/name/current/fsimage_0000000000000000000, cpktTxId=0000000000000000000)
2018-04-06 21:35:54,037 INFO org.apache.hadoop.hdfs.server.blockmanagement.BlockManager: StorageInfo TreeSet fill ratio DS-3bcaed8f-a3b7-4250-ac28-60ebcc8e7b6e : 1.0
2018-04-06 21:45:54,077 INFO org.apache.hadoop.hdfs.server.blockmanagement.BlockManager: StorageInfo TreeSet fill ratio DS-3bcaed8f-a3b7-4250-ac28-60ebcc8e7b6e : 1.0
2018-04-06 21:49:18,947 INFO org.apache.hadoop.hdfs.server.namenode.FSEditLog: Number of transactions: 3 Total time for transactions(ms): 26 Number of transactions batched in Syncs: 0 Number of syncs: 2 SyncTimes(ms): 3 
2018-04-06 21:49:48,970 INFO org.apache.hadoop.hdfs.StateChange: BLOCK* allocate blk_1073741825_1001, replicas=127.0.0.1:9866 for /user/hduser/gutenberg/20417.txt._COPYING_
2018-04-06 21:49:49,379 INFO org.apache.hadoop.hdfs.server.namenode.FSNamesystem: BLOCK* blk_1073741825_1001 is COMMITTED but not COMPLETE(numNodes= 0 <  minimum = 1) in file /user/hduser/gutenberg/20417.txt._COPYING_
2018-04-06 21:49:49,795 INFO org.apache.hadoop.hdfs.StateChange: DIR* completeFile: /user/hduser/gutenberg/20417.txt._COPYING_ is closed by DFSClient_NONMAPREDUCE_828766943_1
2018-04-06 21:49:49,853 INFO org.apache.hadoop.hdfs.StateChange: BLOCK* allocate blk_1073741826_1002, replicas=127.0.0.1:9866 for /user/hduser/gutenberg/4300.txt._COPYING_
2018-04-06 21:49:49,949 INFO org.apache.hadoop.hdfs.StateChange: DIR* completeFile: /user/hduser/gutenberg/4300.txt._COPYING_ is closed by DFSClient_NONMAPREDUCE_828766943_1
2018-04-06 21:49:49,967 INFO org.apache.hadoop.hdfs.StateChange: BLOCK* allocate blk_1073741827_1003, replicas=127.0.0.1:9866 for /user/hduser/gutenberg/50008.txt._COPYING_
2018-04-06 21:49:50,003 INFO org.apache.hadoop.hdfs.server.namenode.FSNamesystem: BLOCK* blk_1073741827_1003 is COMMITTED but not COMPLETE(numNodes= 0 <  minimum = 1) in file /user/hduser/gutenberg/50008.txt._COPYING_
2018-04-06 21:49:50,411 INFO org.apache.hadoop.hdfs.StateChange: DIR* completeFile: /user/hduser/gutenberg/50008.txt._COPYING_ is closed by DFSClient_NONMAPREDUCE_828766943_1
2018-04-06 21:55:54,118 INFO org.apache.hadoop.hdfs.server.blockmanagement.BlockManager: StorageInfo TreeSet fill ratio DS-3bcaed8f-a3b7-4250-ac28-60ebcc8e7b6e : 1.0
2018-04-06 22:03:51,754 INFO org.apache.hadoop.hdfs.server.namenode.FSEditLog: Number of transactions: 25 Total time for transactions(ms): 29 Number of transactions batched in Syncs: 5 Number of syncs: 18 SyncTimes(ms): 23 
2018-04-06 22:03:55,781 INFO org.apache.hadoop.hdfs.StateChange: BLOCK* allocate blk_1073741828_1004, replicas=127.0.0.1:9866 for /user/hduser/gutenberg-output/_temporary/0/_temporary/attempt_local282799050_0001_r_000000_0/part-00000
2018-04-06 22:03:57,173 INFO org.apache.hadoop.hdfs.StateChange: DIR* completeFile: /user/hduser/gutenberg-output/_temporary/0/_temporary/attempt_local282799050_0001_r_000000_0/part-00000 is closed by DFSClient_NONMAPREDUCE_-128499790_1
2018-04-06 22:03:57,230 INFO org.apache.hadoop.hdfs.StateChange: DIR* completeFile: /user/hduser/gutenberg-output/_SUCCESS is closed by DFSClient_NONMAPREDUCE_-128499790_1
2018-04-06 22:05:54,147 INFO org.apache.hadoop.hdfs.server.blockmanagement.BlockManager: StorageInfo TreeSet fill ratio DS-3bcaed8f-a3b7-4250-ac28-60ebcc8e7b6e : 1.0
2018-04-06 22:15:54,191 INFO org.apache.hadoop.hdfs.server.blockmanagement.BlockManager: StorageInfo TreeSet fill ratio DS-3bcaed8f-a3b7-4250-ac28-60ebcc8e7b6e : 1.0
2018-04-06 22:22:59,283 ERROR org.apache.hadoop.hdfs.server.namenode.NameNode: RECEIVED SIGNAL 15: SIGTERM
2018-04-06 22:22:59,289 INFO org.apache.hadoop.hdfs.server.namenode.NameNode: SHUTDOWN_MSG: 
/************************************************************
SHUTDOWN_MSG: Shutting down NameNode at natalie-peterss-macbook.local/10.0.0.142
************************************************************/
